[    0.000000] Initializing cgroup subsys cpuset
[    0.000000] Initializing cgroup subsys cpu
[    0.000000] Initializing cgroup subsys cpuacct
[    0.000000] Linux version 4.4.0-210-generic (buildd@lgw01-amd64-009) (gcc version 5.4.0 20160609 (Ubuntu 5.4.0-6ubuntu1~16.04.12) ) #242-Ubuntu SMP Fri Apr 16 09:57:56 UTC 2021 (Ubuntu 4.4.0-210.242-generic 4.4.262)
[    0.000000] Command line: BOOT_IMAGE=/boot/vmlinuz-4.4.0-210-generic root=LABEL=cloudimg-rootfs ro console=tty1 console=ttyS0
[    0.000000] KERNEL supported cpus:
[    0.000000]   Intel GenuineIntel
[    0.000000]   AMD AuthenticAMD
[    0.000000]   Centaur CentaurHauls
[    0.000000] [Firmware Bug]: TSC doesn't count with P0 frequency!
[    0.000000] x86/fpu: Legacy x87 FPU detected.
[    0.000000] e820: BIOS-provided physical RAM map:
[    0.000000] BIOS-e820: [mem 0x0000000000000000-0x000000000009fbff] usable
[    0.000000] BIOS-e820: [mem 0x000000000009fc00-0x000000000009ffff] reserved
[    0.000000] BIOS-e820: [mem 0x00000000000f0000-0x00000000000fffff] reserved
[    0.000000] BIOS-e820: [mem 0x0000000000100000-0x000000003ffeffff] usable
[    0.000000] BIOS-e820: [mem 0x000000003fff0000-0x000000003fffffff] ACPI data
[    0.000000] BIOS-e820: [mem 0x00000000fec00000-0x00000000fec00fff] reserved
[    0.000000] BIOS-e820: [mem 0x00000000fee00000-0x00000000fee00fff] reserved
[    0.000000] BIOS-e820: [mem 0x00000000fffc0000-0x00000000ffffffff] reserved
[    0.000000] NX (Execute Disable) protection: active
[    0.000000] SMBIOS 2.5 present.
[    0.000000] Hypervisor detected: KVM
[    0.000000] Kernel/User page tables isolation: disabled
[    0.000000] e820: last_pfn = 0x3fff0 max_arch_pfn = 0x400000000
[    0.000000] MTRR: Disabled
[    0.000000] x86/PAT: MTRRs disabled, skipping PAT initialization too.
[    0.000000] CPU MTRRs all blank - virtualized system.
[    0.000000] x86/PAT: Configuration [0-7]: WB  WT  UC- UC  WB  WT  UC- UC  
[    0.000000] found SMP MP-table at [mem 0x0009fff0-0x0009ffff] mapped at [ffff88000009fff0]
[    0.000000] Scanning 1 areas for low memory corruption
[    0.000000] RAMDISK: [mem 0x362dc000-0x37165fff]
[    0.000000] ACPI: Early table checksum verification disabled
[    0.000000] ACPI: RSDP 0x00000000000E0000 000024 (v02 VBOX  )
[    0.000000] ACPI: XSDT 0x000000003FFF0030 00003C (v01 VBOX   VBOXXSDT 00000001 ASL  00000061)
[    0.000000] ACPI: FACP 0x000000003FFF00F0 0000F4 (v04 VBOX   VBOXFACP 00000001 ASL  00000061)
[    0.000000] ACPI: DSDT 0x000000003FFF0610 002353 (v02 VBOX   VBOXBIOS 00000002 INTL 20100528)
[    0.000000] ACPI: FACS 0x000000003FFF0200 000040
[    0.000000] ACPI: FACS 0x000000003FFF0200 000040
[    0.000000] ACPI: APIC 0x000000003FFF0240 00005C (v02 VBOX   VBOXAPIC 00000001 ASL  00000061)
[    0.000000] ACPI: SSDT 0x000000003FFF02A0 00036C (v01 VBOX   VBOXCPUT 00000002 INTL 20100528)
[    0.000000] No NUMA configuration found
[    0.000000] Faking a node at [mem 0x0000000000000000-0x000000003ffeffff]
[    0.000000] NODE_DATA(0) allocated [mem 0x3ffeb000-0x3ffeffff]
[    0.000000] kvm-clock: Using msrs 4b564d01 and 4b564d00
[    0.000000] kvm-clock: cpu 0, msr 0:3ffe3001, primary cpu clock
[    0.000000] kvm-clock: using sched offset of 4591580259 cycles
[    0.000000] clocksource: kvm-clock: mask: 0xffffffffffffffff max_cycles: 0x1cd42e4dffb, max_idle_ns: 881590591483 ns
[    0.000000] Zone ranges:
[    0.000000]   DMA      [mem 0x0000000000001000-0x0000000000ffffff]
[    0.000000]   DMA32    [mem 0x0000000001000000-0x000000003ffeffff]
[    0.000000]   Normal   empty
[    0.000000]   Device   empty
[    0.000000] Movable zone start for each node
[    0.000000] Early memory node ranges
[    0.000000]   node   0: [mem 0x0000000000001000-0x000000000009efff]
[    0.000000]   node   0: [mem 0x0000000000100000-0x000000003ffeffff]
[    0.000000] Initmem setup node 0 [mem 0x0000000000001000-0x000000003ffeffff]
[    0.000000] ACPI: PM-Timer IO Port: 0x4008
[    0.000000] IOAPIC[0]: apic_id 2, version 32, address 0xfec00000, GSI 0-23
[    0.000000] ACPI: INT_SRC_OVR (bus 0 bus_irq 0 global_irq 2 dfl dfl)
[    0.000000] ACPI: INT_SRC_OVR (bus 0 bus_irq 9 global_irq 9 low level)
[    0.000000] Using ACPI (MADT) for SMP configuration information
[    0.000000] smpboot: Allowing 2 CPUs, 0 hotplug CPUs
[    0.000000] PM: Registered nosave memory: [mem 0x00000000-0x00000fff]
[    0.000000] PM: Registered nosave memory: [mem 0x0009f000-0x0009ffff]
[    0.000000] PM: Registered nosave memory: [mem 0x000a0000-0x000effff]
[    0.000000] PM: Registered nosave memory: [mem 0x000f0000-0x000fffff]
[    0.000000] e820: [mem 0x40000000-0xfebfffff] available for PCI devices
[    0.000000] Booting paravirtualized kernel on KVM
[    0.000000] clocksource: refined-jiffies: mask: 0xffffffff max_cycles: 0xffffffff, max_idle_ns: 7645519600211568 ns
[    0.000000] setup_percpu: NR_CPUS:512 nr_cpumask_bits:512 nr_cpu_ids:2 nr_node_ids:1
[    0.000000] PERCPU: Embedded 33 pages/cpu @ffff88003fc00000 s95192 r8192 d31784 u1048576
[    0.000000] Built 1 zonelists in Node order, mobility grouping on.  Total pages: 257912
[    0.000000] Policy zone: DMA32
[    0.000000] Kernel command line: BOOT_IMAGE=/boot/vmlinuz-4.4.0-210-generic root=LABEL=cloudimg-rootfs ro console=tty1 console=ttyS0
[    0.000000] PID hash table entries: 4096 (order: 3, 32768 bytes)
[    0.000000] Memory: 997792K/1048120K available (8644K kernel code, 1332K rwdata, 4044K rodata, 1492K init, 1164K bss, 50328K reserved, 0K cma-reserved)
[    0.000000] SLUB: HWalign=64, Order=0-3, MinObjects=0, CPUs=2, Nodes=1
[    0.000000] Hierarchical RCU implementation.
[    0.000000] 	Build-time adjustment of leaf fanout to 64.
[    0.000000] 	RCU restricting CPUs from NR_CPUS=512 to nr_cpu_ids=2.
[    0.000000] RCU: Adjusting geometry for rcu_fanout_leaf=64, nr_cpu_ids=2
[    0.000000] NR_IRQS:33024 nr_irqs:440 16
[    0.000000] Console: colour VGA+ 80x25
[    0.000000] console [tty1] enabled
[    0.000000] console [ttyS0] enabled
[    0.000000] tsc: Detected 2095.988 MHz processor
[    0.933107] Calibrating delay loop (skipped) preset value.. 4191.97 BogoMIPS (lpj=8383952)
[    0.945246] pid_max: default: 32768 minimum: 301
[    0.953025] ACPI: Core revision 20150930
[    0.961373] ACPI: 2 ACPI AML tables successfully acquired and loaded
[    0.976758] Security Framework initialized
[    0.983393] Yama: becoming mindful.
[    0.992860] AppArmor: AppArmor initialized
[    1.001552] Dentry cache hash table entries: 131072 (order: 8, 1048576 bytes)
[    1.026455] Inode-cache hash table entries: 65536 (order: 7, 524288 bytes)
[    1.049370] Mount-cache hash table entries: 2048 (order: 2, 16384 bytes)
[    1.065722] Mountpoint-cache hash table entries: 2048 (order: 2, 16384 bytes)
[    1.085873] Initializing cgroup subsys io
[    1.096225] Initializing cgroup subsys memory
[    1.102953] Initializing cgroup subsys devices
[    1.114722] Initializing cgroup subsys freezer
[    1.123861] Initializing cgroup subsys net_cls
[    1.135868] Initializing cgroup subsys perf_event
[    1.147899] Initializing cgroup subsys net_prio
[    1.158252] Initializing cgroup subsys hugetlb
[    1.168111] Initializing cgroup subsys pids
[    1.208566] mce: CPU supports 0 MCE banks
[    1.215344] Last level iTLB entries: 4KB 1024, 2MB 1024, 4MB 512
[    1.229464] Last level dTLB entries: 4KB 1536, 2MB 1536, 4MB 768, 1GB 0
[    1.245000] Spectre V1 : Mitigation: usercopy/swapgs barriers and __user pointer sanitization
[    1.264930] Spectre V2 : Spectre mitigation: LFENCE not serializing, switching to generic retpoline
[    1.283675] Spectre V2 : Mitigation: Full generic retpoline
[    1.299507] Spectre V2 : Spectre v2 / SpectreRSB mitigation: Filling RSB on context switch
[    1.377778] Freeing SMP alternatives memory: 36K
[    1.525949] ftrace: allocating 32380 entries in 127 pages
[    2.401914] smpboot: APIC(0) Converting physical 0 to logical package 0
[    2.419437] smpboot: Max logical packages: 1
[    2.448550] ..TIMER: vector=0x30 apic1=0 pin1=2 apic2=-1 pin2=-1
[    2.570175] APIC calibration not consistent with PM-Timer: 106ms instead of 100ms
[    2.584920] APIC delta adjusted to PM-Timer: 6289692 (6668968)
[    2.598452] smpboot: CPU0: AMD Ryzen 5 3500U with Radeon Vega Mobile Gfx (family: 0x17, model: 0x18, stepping: 0x1)
[    2.616932] Performance Events: Broken PMU hardware detected, using software events only.
[    2.630382] Failed to access perfctr msr (MSR c0010007 is 0)
[    2.763942] KVM setup paravirtual spinlock
[    2.782803] x86: Booting SMP configuration:
[    2.790241] .... node  #0, CPUs:      #1
[    2.798247] kvm-clock: cpu 1, msr 0:3ffe3041, secondary cpu clock
[    2.835686] mce: CPU supports 0 MCE banks
[    2.841481] TSC synchronization [CPU#0 -> CPU#1]:
[    2.849449] Measured 77568 cycles TSC warp between CPUs, turning off TSC clock.
[    2.861048] tsc: Marking TSC unstable due to check_tsc_sync_source failed
[    0.752493] x86: Booted up 1 node, 2 CPUs
[    0.756010] smpboot: Total of 2 processors activated (8383.95 BogoMIPS)
[    0.764540] devtmpfs: initialized
[    0.788000] evm: security.selinux
[    0.804007] evm: security.SMACK64
[    0.816007] evm: security.SMACK64EXEC
[    0.828007] evm: security.SMACK64TRANSMUTE
[    0.844007] evm: security.SMACK64MMAP
[    0.852009] evm: security.ima
[    0.860006] evm: security.capability
[    0.872499] clocksource: jiffies: mask: 0xffffffff max_cycles: 0xffffffff, max_idle_ns: 7645041785100000 ns
[    0.876147] futex hash table entries: 512 (order: 3, 32768 bytes)
[    0.884389] pinctrl core: initialized pinctrl subsystem
[    0.897271] RTC time: 14:37:58, date: 02/28/23
[    0.905843] NET: Registered protocol family 16
[    0.928006] cpuidle: using governor ladder
[    0.944014] cpuidle: using governor menu
[    0.952016] PCCT header not found.
[    0.962380] ACPI: bus type PCI registered
[    0.972006] acpiphp: ACPI Hot Plug PCI Controller Driver version: 0.5
[    0.980974] PCI: Using configuration type 1 for base access
[    0.996005] PCI: Using configuration type 1 for extended access
[    1.028508] ACPI: Added _OSI(Module Device)
[    1.036007] ACPI: Added _OSI(Processor Device)
[    1.044008] ACPI: Added _OSI(3.0 _SCP Extensions)
[    1.052011] ACPI: Added _OSI(Processor Aggregator Device)
[    1.065624] ACPI: Executed 1 blocks of module-level executable AML code
[    1.083230] ACPI: Interpreter enabled
[    1.096027] ACPI: (supports S0 S5)
[    1.100004] ACPI: Using IOAPIC for interrupt routing
[    1.112481] PCI: Using host bridge windows from ACPI; if necessary, use "pci=nocrs" and report a bug
[    1.136532] ACPI: PCI Root Bridge [PCI0] (domain 0000 [bus 00-ff])
[    1.148027] acpi PNP0A03:00: _OSC: OS supports [ExtendedConfig ASPM ClockPM Segments MSI]
[    1.161945] acpi PNP0A03:00: _OSC: platform does not support [PCIeCapability]
[    1.172889] acpi PNP0A03:00: _OSC: not requesting control; platform does not support [PCIeCapability]
[    1.188011] acpi PNP0A03:00: _OSC: OS requested [PCIeHotplug PME AER PCIeCapability]
[    1.200007] acpi PNP0A03:00: _OSC: platform willing to grant [PCIeHotplug PME AER]
[    1.212008] acpi PNP0A03:00: _OSC failed (AE_SUPPORT); disabling ASPM
[    1.221028] PCI host bridge to bus 0000:00
[    1.232008] pci_bus 0000:00: root bus resource [io  0x0000-0x0cf7 window]
[    1.240006] pci_bus 0000:00: root bus resource [io  0x0d00-0xffff window]
[    1.252015] pci_bus 0000:00: root bus resource [mem 0x000a0000-0x000bffff window]
[    1.296012] pci_bus 0000:00: root bus resource [mem 0x40000000-0xfdffffff window]
[    1.308008] pci_bus 0000:00: root bus resource [bus 00-ff]
[    1.325600] pci 0000:00:01.1: legacy IDE quirk: reg 0x10: [io  0x01f0-0x01f7]
[    1.340010] pci 0000:00:01.1: legacy IDE quirk: reg 0x14: [io  0x03f6]
[    1.352007] pci 0000:00:01.1: legacy IDE quirk: reg 0x18: [io  0x0170-0x0177]
[    1.372010] pci 0000:00:01.1: legacy IDE quirk: reg 0x1c: [io  0x0376]
[    1.414008] pci 0000:00:07.0: quirk: [io  0x4000-0x403f] claimed by PIIX4 ACPI
[    1.428064] pci 0000:00:07.0: quirk: [io  0x4100-0x410f] claimed by PIIX4 SMB
[    1.453457] ACPI: PCI Interrupt Link [LNKA] (IRQs 5 9 10 *11)
[    1.472601] ACPI: PCI Interrupt Link [LNKB] (IRQs 5 9 *10 11)
[    1.490348] ACPI: PCI Interrupt Link [LNKC] (IRQs 5 *9 10 11)
[    1.512359] ACPI: PCI Interrupt Link [LNKD] (IRQs 5 9 10 *11)
[    1.530230] ACPI: Enabled 2 GPEs in block 00 to 07
[    1.540379] vgaarb: setting as boot device: PCI:0000:00:02.0
[    1.544000] vgaarb: device added: PCI:0000:00:02.0,decodes=io+mem,owns=io+mem,locks=none
[    1.568010] vgaarb: loaded
[    1.572005] vgaarb: bridge control possible 0000:00:02.0
[    1.580886] SCSI subsystem initialized
[    1.592419] ACPI: bus type USB registered
[    1.596092] usbcore: registered new interface driver usbfs
[    1.600035] usbcore: registered new interface driver hub
[    1.604036] usbcore: registered new device driver usb
[    1.612422] PCI: Using ACPI for IRQ routing
[    1.617668] NetLabel: Initializing
[    1.620005] NetLabel:  domain hash size = 128
[    1.624005] NetLabel:  protocols = UNLABELED CIPSOv4
[    1.628022] NetLabel:  unlabeled traffic allowed by default
[    1.636123] amd_nb: Cannot enumerate AMD northbridges
[    1.640463] clocksource: Switched to clocksource kvm-clock
[    1.675249] AppArmor: AppArmor Filesystem Enabled
[    1.675249] pnp: PnP ACPI init
[    1.675249] pnp: PnP ACPI: found 3 devices
[    1.815637] clocksource: acpi_pm: mask: 0xffffff max_cycles: 0xffffff, max_idle_ns: 2085701024 ns
[    1.829627] NET: Registered protocol family 2
[    1.837598] TCP established hash table entries: 8192 (order: 4, 65536 bytes)
[    1.848941] TCP bind hash table entries: 8192 (order: 5, 131072 bytes)
[    1.852196] TCP: Hash tables configured (established 8192 bind 8192)
[    1.852196] UDP hash table entries: 512 (order: 2, 16384 bytes)
[    1.852196] UDP-Lite hash table entries: 512 (order: 2, 16384 bytes)
[    1.852196] NET: Registered protocol family 1
[    1.852196] pci 0000:00:00.0: Limiting direct PCI/PCI transfers
[    1.852196] pci 0000:00:01.0: Activating ISA DMA hang workarounds
[    1.852196] Unpacking initramfs...
[    2.644397] Freeing initrd memory: 14888K
[    2.650034] clocksource: tsc: mask: 0xffffffffffffffff max_cycles: 0x1e36628d06a, max_idle_ns: 440795283511 ns
[    2.667810] platform rtc_cmos: registered platform RTC device (no PNP device found)
[    2.680669] Scanning for low memory corruption every 60 seconds
[    2.693803] audit: initializing netlink subsys (disabled)
[    2.706774] audit: type=2000 audit(1677595084.642:1): initialized
[    2.716601] Initialise system trusted keyring
[    2.729587] HugeTLB registered 2 MB page size, pre-allocated 0 pages
[    2.750047] zbud: loaded
[    2.756664] VFS: Disk quotas dquot_6.6.0
[    2.766275] VFS: Dquot-cache hash table entries: 512 (order 0, 4096 bytes)
[    2.783057] squashfs: version 4.0 (2009/01/31) Phillip Lougher
[    2.793858] fuse init (API version 7.23)
[    2.800641] Key type big_key registered
[    2.809741] Allocating IMA MOK and blacklist keyrings.
[    2.847584] Key type asymmetric registered
[    2.856787] Asymmetric key parser 'x509' registered
[    2.867477] Block layer SCSI generic (bsg) driver version 0.4 loaded (major 249)
[    2.882928] io scheduler noop registered
[    2.893062] io scheduler deadline registered (default)
[    2.901011] io scheduler cfq registered
[    2.906990] pci_hotplug: PCI Hot Plug PCI Core version: 0.5
[    2.918616] pciehp: PCI Express Hot Plug Controller Driver version: 0.4
[    2.934221] ACPI: AC Adapter [AC] (on-line)
[    2.940937] input: Power Button as /devices/LNXSYSTM:00/LNXPWRBN:00/input/input0
[    2.951128] ACPI: Power Button [PWRF]
[    2.960571] input: Sleep Button as /devices/LNXSYSTM:00/LNXSLPBN:00/input/input1
[    2.971374] ACPI: Sleep Button [SLPF]
[    2.983707] ACPI: Battery Slot [BAT0] (battery present)
[    2.994093] GHES: HEST is not enabled!
[    3.002829] Serial: 8250/16550 driver, 32 ports, IRQ sharing enabled
[    3.040932] 00:02: ttyS0 at I/O 0x3f8 (irq = 4, base_baud = 115200) is a 16550A
[    3.091262] Linux agpgart interface v0.103
[    3.135078] loop: module loaded
[    3.147692] scsi host0: ata_piix
[    3.156585] scsi host1: ata_piix
[    3.163840] ata1: PATA max UDMA/33 cmd 0x1f0 ctl 0x3f6 bmdma 0xd000 irq 14
[    3.175540] ata2: PATA max UDMA/33 cmd 0x170 ctl 0x376 bmdma 0xd008 irq 15
[    3.189228] libphy: Fixed MDIO Bus: probed
[    3.198365] tun: Universal TUN/TAP device driver, 1.6
[    3.206356] tun: (C) 1999-2004 Max Krasnyansky <maxk@qualcomm.com>
[    3.216627] PPP generic driver version 2.4.2
[    3.223866] ehci_hcd: USB 2.0 'Enhanced' Host Controller (EHCI) Driver
[    3.237535] ehci-pci: EHCI PCI platform driver
[    3.244753] ehci-platform: EHCI generic platform driver
[    3.257274] ohci_hcd: USB 1.1 'Open' Host Controller (OHCI) Driver
[    3.270587] ohci-pci: OHCI PCI platform driver
[    3.280614] ohci-platform: OHCI generic platform driver
[    3.288614] uhci_hcd: USB Universal Host Controller Interface driver
[    3.297438] i8042: PNP: PS/2 Controller [PNP0303:PS2K,PNP0f03:PS2M] at 0x60,0x64 irq 1,12
[    3.314355] serio: i8042 KBD port at 0x60,0x64 irq 1
[    3.321631] serio: i8042 AUX port at 0x60,0x64 irq 12
[    3.331867] mousedev: PS/2 mouse device common for all mice
[    3.385237] rtc_cmos rtc_cmos: rtc core: registered rtc_cmos as rtc0
[    3.397007] rtc_cmos rtc_cmos: alarms up to one day, 114 bytes nvram
[    3.407320] i2c /dev entries driver
[    3.413594] device-mapper: uevent: version 1.0.3
[    3.427143] device-mapper: ioctl: 4.34.0-ioctl (2015-10-28) initialised: dm-devel@redhat.com
[    3.440724] ledtrig-cpu: registered to indicate activity on CPUs
[    3.456809] input: AT Translated Set 2 keyboard as /devices/platform/i8042/serio0/input/input2
[    3.457513] NET: Registered protocol family 10
[    3.458181] NET: Registered protocol family 17
[    3.458201] Key type dns_resolver registered
[    3.459089] registered taskstats version 1
[    3.459107] Loading compiled-in X.509 certificates
[    3.459985] Loaded X.509 cert 'Build time autogenerated kernel key: cf00e047681d67edb2720680708b7d9498083038'
[    3.460007] zswap: loaded using pool lzo/zbud
[    3.463925] Key type trusted registered
[    3.470442] Key type encrypted registered
[    3.470451] AppArmor: AppArmor sha1 policy hashing enabled
[    3.470455] ima: No TPM chip found, activating TPM-bypass!
[    3.470464] ima: Allocated hash algorithm: sha1
[    3.470551] evm: HMAC attrs: 0x1
[    3.471546]   Magic number: 11:146:638
[    3.471547]   hash matches /build/linux-3Zqs18/linux-4.4.0/drivers/base/power/main.c:515
[    3.478805] rtc_cmos rtc_cmos: setting system clock to 2023-02-28 14:38:01 UTC (1677595081)
[    3.478977] BIOS EDD facility v0.16 2004-Jun-25, 0 devices found
[    3.478978] EDD information not available.
[    3.639160] Freeing unused kernel memory: 1492K
[    3.660656] Write protecting the kernel read-only data: 14336k
[    3.672428] Freeing unused kernel memory: 1584K
[    3.679282] Freeing unused kernel memory: 52K
Loading, please wait...
starting version 229
[    3.743344] random: systemd-udevd: uninitialized urandom read (16 bytes read, 11 bits of entropy available)
[    3.745647] random: udevadm: uninitialized urandom read (16 bytes read, 11 bits of entropy available)
[    3.745696] random: udevadm: uninitialized urandom read (16 bytes read, 11 bits of entropy available)
[    3.773006] random: udevadm: uninitialized urandom read (16 bytes read, 11 bits of entropy available)
[    3.773080] random: udevadm: uninitialized urandom read (16 bytes read, 11 bits of entropy available)
[    3.773427] random: udevadm: uninitialized urandom read (16 bytes read, 11 bits of entropy available)
[    3.773589] random: udevadm: uninitialized urandom read (16 bytes read, 11 bits of entropy available)
[    3.773814] random: udevadm: uninitialized urandom read (16 bytes read, 11 bits of entropy available)
[    3.773890] random: udevadm: uninitialized urandom read (16 bytes read, 11 bits of entropy available)
[    3.773958] random: udevadm: uninitialized urandom read (16 bytes read, 11 bits of entropy available)
[    3.986100] e1000: Intel(R) PRO/1000 Network Driver - version 7.3.21-k8-NAPI
[    4.001635] e1000: Copyright (c) 1999-2006 Intel Corporation.
[    4.032975] Fusion MPT base driver 3.04.20
[    4.036138] Copyright (c) 1999-2008 LSI Corporation
[    4.147270] Fusion MPT SPI Host driver 3.04.20
[    4.170632] SSE version of gcm_enc/dec engaged.
[    4.401866] input: ImExPS/2 Generic Explorer Mouse as /devices/platform/i8042/serio1/input/input4
[    5.098838] e1000 0000:00:03.0 eth0: (PCI:33MHz:32-bit) 02:be:82:6b:cc:1d
[    5.109092] e1000 0000:00:03.0 eth0: Intel(R) PRO/1000 Network Connection
[    5.127166] mptbase: ioc0: Initiating bringup
[    5.128386] e1000 0000:00:03.0 enp0s3: renamed from eth0
[    5.224624] ioc0: LSI53C1030 A0: Capabilities={Initiator}
[    5.413926] scsi host2: ioc0: LSI53C1030 A0, FwRev=00000000h, Ports=1, MaxQ=256, IRQ=20
[    5.544287] scsi 2:0:0:0: Direct-Access     VBOX     HARDDISK         1.0  PQ: 0 ANSI: 5
[    5.560508] scsi target2:0:0: Beginning Domain Validation
[    5.584786] scsi target2:0:0: Domain Validation skipping write tests
[    5.620515] scsi target2:0:0: Ending Domain Validation
[    5.632806] scsi target2:0:0: asynchronous
[    5.644743] scsi 2:0:1:0: Direct-Access     VBOX     HARDDISK         1.0  PQ: 0 ANSI: 5
[    5.648659] scsi target2:0:1: Beginning Domain Validation
[    5.679402] scsi target2:0:1: Domain Validation skipping write tests
[    5.688176] scsi target2:0:1: Ending Domain Validation
[    5.695243] scsi target2:0:1: asynchronous
[    5.758265] sd 2:0:0:0: [sda] 83886080 512-byte logical blocks: (42.9 GB/40.0 GiB)
[    5.771634] sd 2:0:0:0: Attached scsi generic sg0 type 0
[    5.786160] sd 2:0:0:0: [sda] Write Protect is off
[    5.787376] sd 2:0:1:0: [sdb] 20480 512-byte logical blocks: (10.5 MB/10.0 MiB)
[    5.788970] sd 2:0:1:0: [sdb] Write Protect is off
[    5.790299] sd 2:0:1:0: [sdb] Incomplete mode parameter data
[    5.790301] sd 2:0:1:0: [sdb] Assuming drive cache: write through
[    5.793951] sd 2:0:1:0: Attached scsi generic sg1 type 0
[    5.809336] sd 2:0:1:0: [sdb] Attached SCSI disk
[    5.868543] sd 2:0:0:0: [sda] Incomplete mode parameter data
[    5.876166] sd 2:0:0:0: [sda] Assuming drive cache: write through
[    5.892978]  sda: sda1
[    5.905860] sd 2:0:0:0: [sda] Attached SCSI disk
Begin: Loading essential drivers ... [    7.846297] md: linear personality registered for level -1
[    7.860882] md: multipath personality registered for level -4
[    7.874798] md: raid0 personality registered for level 0
[    7.906772] md: raid1 personality registered for level 1
[    7.992675] raid6: sse2x1   gen()  6088 MB/s
[    8.064545] raid6: sse2x1   xor()  5315 MB/s
[    8.140383] raid6: sse2x2   gen() 12563 MB/s
[    8.216431] raid6: sse2x2   xor()  7509 MB/s
[    8.292401] raid6: sse2x4   gen() 11832 MB/s
[    8.368495] raid6: sse2x4   xor()  6626 MB/s
[    8.378334] raid6: using algorithm sse2x2 gen() 12563 MB/s
[    8.388294] raid6: .... xor() 7509 MB/s, rmw enabled
[    8.397470] raid6: using ssse3x2 recovery algorithm
[    8.411269] xor: measuring software checksum speed
[   13.333346]    prefetch64-sse: -1328379.-296 MB/sec
[   13.447122]    generic_sse: 29341.000 MB/sec
[   13.453467] xor: using function: generic_sse (29341.000 MB/sec)
[   13.472787] async_tx: api initialized (async)
[   13.552663] md: raid6 personality registered for level 6
[   13.561403] md: raid5 personality registered for level 5
[   13.571554] md: raid4 personality registered for level 4
[   13.618061] md: raid10 personality registered for level 10
done.
Begin: Running /scripts/init-premount ... done.
Begin: Mounting root file system ... Begin: Running /scripts/local-top ... done.
Begin: Running /scripts/local-premount ... [   13.786168] Btrfs loaded
Scanning for Btrfs filesystems
done.
Warning: fsck not present, so skipping root file system
[   13.905793] EXT4-fs (sda1): mounted filesystem with ordered data mode. Opts: (null)
done.
Begin: Running /scripts/local-bottom ... done.
Begin: Running /scripts/init-bottom ... done.
[   14.267261] systemd[1]: systemd 229 running in system mode. (+PAM +AUDIT +SELINUX +IMA +APPARMOR +SMACK +SYSVINIT +UTMP +LIBCRYPTSETUP +GCRYPT +GNUTLS +ACL +XZ -LZ4 +SECCOMP +BLKID +ELFUTILS +KMOD -IDN)
[   14.296063] systemd[1]: Detected virtualization oracle.
[   14.303744] systemd[1]: Detected architecture x86-64.

Welcome to [1mUbuntu 16.04.7 LTS[0m!

[   14.336029] systemd[1]: Set hostname to <ubuntu>.
[   14.353844] systemd[1]: Initializing machine ID from random generator.
[   14.363101] systemd[1]: Installed transient /etc/machine-id file.
[   14.622505] random: nonblocking pool is initialized
[   14.766181] systemd[1]: Listening on Journal Socket.
[[0;32m  OK  [0m] Listening on Journal Socket.
[   14.789280] systemd[1]: Listening on LVM2 metadata daemon socket.
[[0;32m  OK  [0m] Listening on LVM2 metadata daemon socket.
[   14.813498] systemd[1]: Listening on udev Control Socket.
[[0;32m  OK  [0m] Listening on udev Control Socket.
[   14.831576] systemd[1]: Listening on Journal Socket (/dev/log).
[[0;32m  OK  [0m] Listening on Journal Socket (/dev/log).
[   14.853932] systemd[1]: Reached target Swap.
[[0;32m  OK  [0m] Reached target Swap.
[   14.873296] systemd[1]: Listening on Device-mapper event daemon FIFOs.
[[0;32m  OK  [0m] Listening on Device-mapper event daemon FIFOs.
[   14.896177] systemd[1]: Created slice User and Session Slice.
[[0;32m  OK  [0m] Created slice User and Session Slice.
[   14.915988] systemd[1]: Set up automount Arbitrary Executable File Formats File System Automount Point.
[[0;32m  OK  [0m] Set up automount Arbitrary Executab...ats File System Automount Point.
[   14.943592] systemd[1]: Started Forward Password Requests to Wall Directory Watch.
[[0;32m  OK  [0m] Started Forward Password Requests to Wall Directory Watch.
[   14.967740] systemd[1]: Reached target User and Group Name Lookups.
[[0;32m  OK  [0m] Reached target User and Group Name Lookups.
[   14.989698] systemd[1]: Reached target Encrypted Volumes.
[[0;32m  OK  [0m] Reached target Encrypted Volumes.
[   15.009866] systemd[1]: Listening on Syslog Socket.
[[0;32m  OK  [0m] Listening on Syslog Socket.
[   15.028731] systemd[1]: Reached target System Time Synchronized.
[[0;32m  OK  [0m] Reached target System Time Synchronized.
[   15.050196] systemd[1]: Listening on fsck to fsckd communication Socket.
[[0;32m  OK  [0m] Listening on fsck to fsckd communication Socket.
[   15.070649] systemd[1]: Listening on /dev/initctl Compatibility Named Pipe.
[[0;32m  OK  [0m] Listening on /dev/initctl Compatibility Named Pipe.
[   15.092734] systemd[1]: Listening on udev Kernel Socket.
[[0;32m  OK  [0m] Listening on udev Kernel Socket.
[   15.113246] systemd[1]: Listening on Journal Audit Socket.
[[0;32m  OK  [0m] Listening on Journal Audit Socket.
[   15.133030] systemd[1]: Listening on LVM2 poll daemon socket.
[[0;32m  OK  [0m] Listening on LVM2 poll daemon socket.
[   15.153453] systemd[1]: Created slice System Slice.
[[0;32m  OK  [0m] Created slice System Slice.
[   15.170536] systemd[1]: Reached target Slices.
[[0;32m  OK  [0m] Reached target Slices.
[   15.202678] systemd[1]: Mounting Huge Pages File System...
         Mounting Huge Pages File System...
[   15.226552] systemd[1]: Starting Set console keymap...
         Starting Set console keymap...
[   15.246467] systemd[1]: Created slice system-serial\x2dgetty.slice.
[[0;32m  OK  [0m] Created slice system-serial\x2dgetty.slice.
[   15.285023] systemd[1]: Starting Monitoring of LVM2 mirrors, snapshots etc. using dmeventd or progress polling...
         Starting Monitoring of LVM2 mirrors... dmeventd or progress polling...
[   15.316074] systemd[1]: Starting Journal Service...
         Starting Journal Service...
[   15.341602] systemd[1]: Mounting POSIX Message Queue File System...
         Mounting POSIX Message Queue File System...
[   15.371776] systemd[1]: Starting Load Kernel Modules...
         Starting Load Kernel Modules...
[   15.404427] systemd[1]: Starting File System Check on Root Device...
[   15.416909] Loading iSCSI transport class v2.0-870.
         Starting File System Check on Root Device...
[   15.455527] iscsi: registered transport (tcp)
[   15.464649] systemd[1]: Mounting Debug File System...
         Mounting Debug File System...
[   15.481386] systemd[1]: Started Trigger resolvconf update for networkd DNS.
[[0;32m  OK  [0m] Started Trigger resolvconf update for networkd DNS.
[   15.501740] systemd[1]: Starting Nameserver information manager...
         Starting Nameserver information manager...
[   15.530274] systemd[1]: Starting Uncomplicated firewall...
         Starting Uncomplicated firewall...
[   15.596486] systemd[1]: Starting Create list of required static device nodes for the current kernel...
         Starting Create list of required st... nodes for the current kernel...
[   15.623580] systemd[1]: Mounted Huge Pages File System.
[   15.635689] iscsi: registered transport (iser)
[[0;32m  OK  [0m] Mounted Huge Pages File System.
[   15.650865] systemd[1]: Mounted POSIX Message Queue File System.
[[0;32m  OK  [0m] Mounted POSIX Message Queue File System.
[   15.667297] systemd[1]: Mounted Debug File System.
[[0;32m  OK  [0m] Mounted Debug File System.
[   15.681345] systemd[1]: Started Journal Service.
[[0;32m  OK  [0m] Started Journal Service.
[[0;32m  OK  [0m] Started Set console keymap.
[[0;32m  OK  [0m] Started Load Kernel Modules.
[[0;32m  OK  [0m] Started File System Check on Root Device.
[[0;32m  OK  [0m] Started Uncomplicated firewall.
[[0;32m  OK  [0m] Started Create list of required sta...ce nodes for the current kernel.
[[0;32m  OK  [0m] Started Nameserver information manager.
[[0;32m  OK  [0m] Started LVM2 metadata daemon.
[[0;32m  OK  [0m] Started File System Check Daemon to report status.
         Starting Create Static Device Nodes in /dev...
         Starting Remount Root and Kernel File Systems...[   15.837066] EXT4-fs (sda1): re-mounted. Opts: (null)

         Mounting FUSE Control File System...
         Starting Apply Kernel Variables...
[[0;32m  OK  [0m] Mounted FUSE Control File System.
[[0;32m  OK  [0m] Started Create Static Device Nodes in /dev.
[[0;32m  OK  [0m] Started Remount Root and Kernel File Systems.
[[0;32m  OK  [0m] Started Apply Kernel Variables.
         Starting udev Coldplug all Devices...
         Starting Load/Save Random Seed...
         Starting Flush Journal to Persistent Storage...
         Starting udev Kernel Device Manager...
[[0;32m  OK  [0m] Started Load/Save Random Seed.
[[0;32m  OK  [0m] Started Flush Journal to Persistent Storage.
[[0;32m  OK  [0m] Started Monitoring of LVM2 mirrors,...ng dmeventd or progress polling.
[[0;32m  OK  [0m] Reached target Local File Systems (Pre).
[[0;32m  OK  [0m] Reached target Local File Systems.
         Starting Initial cloud-init job (pre-networking)...
         Starting Commit a transient machine-id on disk...
         Starting Tell Plymouth To Write Out Runtime Data...
         Starting LSB: AppArmor initialization...
         Starting Set console font and keymap...
         Starting Create Volatile Files and Directories...
[[0;32m  OK  [0m] Started udev Kernel Device Manager.
[[0;32m  OK  [0m] Started udev Coldplug all Devices.
[[0;32m  OK  [0m] Started Commit a transient machine-id on disk.
[[0;32m  OK  [0m] Started Tell Plymouth To Write Out Runtime Data.
[[0;32m  OK  [0m] Started Create Volatile Files and Directories.
         Starting Update UTMP about System Boot/Shutdown...
[[0;32m  OK  [0m] Started Dispatch Password Requests to Console Directory Watch.
[[0;32m  OK  [0m] Started Update UTMP about System Boot/Shutdown.
[[0;32m  OK  [0m] Found device /dev/ttyS0.
[[0;32m  OK  [0m] Listening on Load/Save RF Kill Switch Status /dev/rfkill Watch.
[[0;32m  OK  [0m] Started LSB: AppArmor initialization.
         Starting Load AppArmor profiles managed internally by snapd...
[[0;32m  OK  [0m] Started Load AppArmor profiles managed internally by snapd.
[   19.948522] cloud-init[474]: Cloud-init v. 21.1-19-gbad84ad4-0ubuntu1~16.04.2 running 'init-local' at Tue, 28 Feb 2023 14:38:17 +0000. Up 19.35 seconds.
[[0;32m  OK  [0m] Started Initial cloud-init job (pre-networking).
[[0;32m  OK  [0m] Started Set console font and keymap.
[[0;32m  OK  [0m] Created slice system-getty.slice.
[[0;32m  OK  [0m] Reached target Network (Pre).
         Starting Raise network interfaces...
[[0;32m  OK  [0m] Started Raise network interfaces.
[[0;32m  OK  [0m] Reached target Network.
         Starting Initial cloud-init job (metadata service crawler)...
[   21.769598] cloud-init[943]: Cloud-init v. 21.1-19-gbad84ad4-0ubuntu1~16.04.2 running 'init' at Tue, 28 Feb 2023 14:38:19 +0000. Up 21.02 seconds.
[   21.781456] cloud-init[943]: ci-info: ++++++++++++++++++++++++++++++++++++++Net device info++++++++++++++++++++++++++++++++++++++
[   21.798384] cloud-init[943]: ci-info: +--------+------+----------------------------+---------------+--------+-------------------+
[   21.815759] cloud-init[943]: ci-info: | Device |  Up  |          Address           |      Mask     | Scope  |     Hw-Address    |[[0;32m  OK  [0m] Started Initial cloud-init job (metadata service crawler).
[[0;32m  OK  [0m] Reached target System Initialization.
[[0;32m  OK  [0m] Started Message of the Day.
[[0;32m  OK  [0m] Listening on UUID daemon activation socket.

         Starting LXD - unix socket.
[[0;32m  OK  [0m] Started Daily Cleanup of Temporary Directories.
[[0;32m  OK  [0m] Listening on D-Bus System Message Bus Socket.
[   21.852576] cloud-init[[0;32m  OK  [0m] Started ACPI Events Check.
[[0;32m  OK  [0m] Reached target Paths.
[[0;32m  OK  [0m] Started Ubuntu Advantage update messaging.
[[0;32m  OK  [0m] Started Daily apt download activities.
[[0;32m  OK  [0m] Started Daily apt upgrade and clean activities.
[[0;32m  OK  [0m] Reached target Timers.
         Starting Socket activation for snappy daemon.
[[0;32m  OK  [0m] Listening on ACPID Listen Socket.
[[0;32m  OK  [0m] Reached target Network is Online.
[943]: ci-info: +--------+------+----------------------------+---------------+--------+-------------------+
[   21.900784] cloud-init[943]: ci-info: | enp0s3 | True |         10.0.2.15          | 255.255.255.0 | global | 02:be:82:6b:cc:1d |         Starting iSCSI initiator daemon (iscsid)...
[[0;32m  OK  [0m] Reached target Cloud-config availability.
[[0;32m  OK  [0m] Listening on LXD - unix socket.
[[0;32m  OK  [0m] Listening on Socket activation for snappy daemon.
[[0;32m  OK  [0m] Reached target Sockets.
[[0;32m  OK  [0m] Reached target Basic System.

[   21.937737] [[0;32m  OK  [0m] Started ACPI event daemon.
cloud-init         Starting Virtualbox guest utils...
         Starting LSB: Record successful boot for GRUB...
         Starting /etc/rc.local Compatibility...
         Starting LSB: MD monitoring daemon...
[[0;32m  OK  [0m] Started Deferred execution scheduler.
         Starting Accounts Service...
[943]: ci-info: | enp0s3 | True | fe80::be:82ff:fe6b:cc1d/64 |       .       |  link  | 02:be:82:6b:cc:1d |
[[0;32m  OK  [0m] Started Regular background program processing daemon.
         Starting Login Service...
         Starting System Logging Service...
[   21.978283] cloud-init[943]: ci-info: |   lo   | True |         127.0.0.1          |   255.0.0.0   |  host  |         .         |
         Starting Snap Daemon...
[[0;32m  OK  [0m] Started FUSE filesystem for LXC.
[[0;32m  OK  [0m] Started D-Bus System Message Bus.
[   22.017896] cloud-init[943]: ci-info: |   lo   | True |          ::1/128           |       .       |  host  |         .         |
[   22.063851] cloud-init[943]: ci-info: +--------+------+----------------------------+---------------+--------+-------------------+
[   22.083100] cloud-init[943]: ci-info: +++++++++++++++++++++++++++Route IPv4 info++++++++++++++++++++++++++++
[   22.104200] cloud-init[943]: ci-info: +-------+-------------+----------+---------------+-----------+-------+
[   22.125202] cloud-init[943]: ci-info: | Route | Destination | Gateway  |    Genmask    | Interface | Flags |
[   22.158212] cloud-init[943]: ci-info: +-------+-------------+----------+---------------+-----------+-------+
[   22.185801] cloud-init[943]: ci-info: |   0   |   0.0.0.0   | 10.0.2.2 |    0.0.0.0    |   enp0s3  |   UG  |
[   22.218857] cloud-init[943]: ci-info: |   1   |   10.0.2.0  | 0.0.0.0  | 255.255.255.0 |   enp0s3  |   U   |
[   22.249437] cloud-init         Starting Pollinate to seed the pseudo random number generator...
         Starting LXD - container startup/shutdown...
[943]: ci-info: +-------+-------------+----------+---------------+-----------+-------+[[0;32m  OK  [0m] Started System Logging Service.
[[0;32m  OK  [0m] Started /etc/rc.local Compatibility.
[[0;32m  OK  [0m] Started Login Service.

[[0;32m  OK  [0m] Started Unattended Upgrades Shutdown.
         Starting Authenticate and Authorize Users to Run Privileged Tasks...
[   22.343145] cloud-init[943]: ci-info: +++++++++++++++++++Route IPv6 info+++++++++++++++++++
[[0;32m  OK  [0m] Started iSCSI initiator daemon (iscsid).
[   22.399463] [[0;32m  OK  [0m] cloud-init[943]: ci-info: +-------+-------------+---------+-----------+-------+
[   22.434268] cloud-init[943]: ci-info: | Route | Destination | Gateway | Interface | Flags |
[   22.435113] cloud-init[943]: ci-info: +-------+-------------+---------+-----------+-------+
Started LSB: Record successful boot for GRUB.
[[0;32m  OK  [0m] Started LSB: MD monitoring daemon.
[   22.435804] cloud-init[943]: ci-info: |   0   |  fe80::/64  |    ::   |   enp0s3  |   U   |
[   22.495770] cloud-init[943]: ci-info: |   3   |   ff00::/8  |    ::   |   enp0s3  |   U   |
         Starting Login to default iSCSI targets...[   22.520642] cloud-init[943]: ci-info: +-------+-------------+---------+-----------+-------+
[   22.527064] cloud-init[943]: Generating public/private rsa key pair.
[   22.527634] cloud-init[943]: Your identification has been saved in /etc/ssh/ssh_host_rsa_key.
[   22.531733] cloud-init[943]: Your public key has been saved in /etc/ssh/ssh_host_rsa_key.pub.
[   22.536627] cloud-init[943]: The key fingerprint is:
[   22.538111] cloud-init[943]: SHA256:iNjXsmxvqy3YO3vlA2yMkXGiwoYiO/3TpHxeBoQdZ40 root@ubuntu-xenial
[   22.538874] cloud-init[943]: The key's randomart image is:
[   22.539597] cloud-init[943]: +---[RSA 2048]----+
[   22.544726] cloud-init[943]: |      . oo       |
[   22.551570] cloud-init[943]: |     oo+E .      |
[   22.556448] cloud-init[943]: | o  ..o=         |
[   22.556826] cloud-init[943]: |+ +o.ooo         |
[   22.557537] cloud-init[943]: |o+..o ==S        |
[   22.558308] cloud-init[943]: |o .  oo+= .      |
[   22.559015] cloud-init[943]: | . o *+.o+       |
[   22.559731] cloud-init[943]: |    *.*=o o      |
[   22.569310] cloud-init[943]: |     +=O+. .     |
[   22.570158] cloud-init[943]: +----[SHA256]-----+
[   22.571056] cloud-init[943]: Generating public/private dsa key pair.
[   22.572794] cloud-init[943]: Your identification has been saved in /etc/ssh/ssh_host_dsa_key.
[   22.573507] cloud-init[943]: Your public key has been saved in /etc/ssh/ssh_host_dsa_key.pub.
[   22.574225] cloud-init[943]: The key fingerprint is:
[   22.574949] cloud-init[943]: SHA256:wmWutIp06eAvfE66XebhpcPFK1CN21L8SqABfPv6xtg root@ubuntu-xenial
[   22.575731] cloud-init[943]: The key's randomart image is:
[   22.583097] cloud-init[943]: +---[DSA 1024]----+
[   22.583849] cloud-init[943]: | .               |
[   22.585384] cloud-init[943]: |  o .            |
[   22.586081] cloud-init[943]: |   o . +o        |
[   22.586985] cloud-init[943]: |    o.+++        |
[   22.587700] cloud-init[943]: |     =+*S.       |
[   22.600999] cloud-init[943]: |    oo++= .      |
[   22.601725] cloud-init[943]: | .o +B*+.o       |
[   22.602438] cloud-init[943]: | ooO+*E+o        |
[   22.603894] cloud-init[943]: |  =**o=o         |
[   22.605315] cloud-init[943]: +----[SHA256]-----+
[   22.605998] cloud-init[943]: Generating public/private ecdsa key pair.
[   22.606684] cloud-init[943]: Your identification has been saved in /etc/ssh/ssh_host_ecdsa_key.
[   22.607377] cloud-init[943]: Your public key has been saved in /etc/ssh/ssh_host_ecdsa_key.pub.
[   22.608061] cloud-init[943]: The key fingerprint is:
[   22.609652] cloud-init[943]: SHA256:rRejonx2W+dTjALd2O30TRQdDVWRnlL0inBP6Y/Q2eI root@ubuntu-xenial
[   22.610600] cloud-init[943]: The key's randomart image is:
[   22.611258] cloud-init[943]: +---[ECDSA 256]---+
[   22.611941] cloud-init[943]: |              oB@|
[   22.620823] cloud-init[943]: |               +=|
[   22.621468] cloud-init[943]: |         ..+..=.o|
[   22.622165] cloud-init[943]: |        ..oooBo*.|
[   22.622839] cloud-init[943]: |        S.+ o=Ooo|
[   22.623535] cloud-init[943]: |         o.o.o++o|
[   22.632917] cloud-init[943]: |      . o o...E .|
[   22.633564] cloud-init[943]: |   . .o..o o.    |
[   22.634273] cloud-init[943]: |    oo ...  ..   |
[   22.635803] cloud-init[943]: +----[SHA256]-----+
[   22.637229] cloud-init[943]: Generating public/private ed25519 key pair.
[   22.637931] cloud-init[943]: Your identification has been saved in /etc/ssh/ssh_host_ed25519_key.
[   22.638631] cloud-init[943]: Your public key has been saved in /etc/ssh/ssh_host_ed25519_key.pub.
[   22.639334] cloud-init[943]: The key fingerprint is:
[   22.640041] cloud-init[943]: SHA256:2eNW6rMYWUbaLAhU4AFemwvFKaU/mIJV4XzMnZ6Tk44 root@ubuntu-xenial
[   22.641482] cloud-init[943]: The key's randomart image is:
[   22.642179] cloud-init[943]: +--[ED25519 256]--+
[   22.642880] cloud-init[943]: |  .+X=.          |
[   22.643584] cloud-init[943]: | ..Xo* . .       |
[   22.652709] cloud-init[943]: |  =.B + o .      |
[   22.653334] cloud-init[943]: |.. = + o @       |
[   22.654021] cloud-init[943]: |o o + . S B .    |
[   22.654711] cloud-init[943]: | .   . o O +     |
[   22.655345] cloud-init[943]: |      E + +      |
[   22.664813] cloud-init[943]: |         =.      |
[   22.665774] cloud-init[943]: |        . oo     |
[   22.666137] cloud-init[943]: +----[SHA256]-----+

[[0;32m  OK  [0m] Started Authenticate and Authorize Users to Run Privileged Tasks.
[[0;32m  OK  [0m] Started Login to default iSCSI targets.
[[0;32m  OK  [0m] Started Accounts Service.
[[0;32m  OK  [0m] Reached target Remote File Systems (Pre).
[[0;32m  OK  [0m] Reached target Remote File Systems.
         Starting LSB: daemon to balance interrupts for SMP systems...
         Starting LSB: automatic crash report generation...
         Starting LSB: Set the CPU Frequency Scaling governor to "ondemand"...
         Starting Permit User Sessions...
[[0;32m  OK  [0m] Started Virtualbox guest utils.
[[0;32m  OK  [0m] Started Permit User Sessions.
         Starting Hold until boot process finishes up...
         Starting Terminate Plymouth Boot Screen...
[[0;32m  OK  [0m] Started LSB: automatic crash report generation.
[[0;32m  OK  [0m] Started LSB: daemon to balance interrupts for SMP systems.
[[0;32m  OK  [0m] Started Hold until boot process finishes up.
[[0;32m  OK  [0m] Started Terminate Plymouth Boot Screen.
[[0;32m  OK  [0m] Started Serial Getty on ttyS0.
[[0;32m  OK  [0m] Started Getty on tty1.
[[0;32m  OK  [0m] Reached target Login Prompts.
         Starting Set console scheme...
[[0;32m  OK  [0m] Started LSB: Set the CPU Frequency Scaling governor to "ondemand".
[[0;32m  OK  [0m] Started Set console scheme.
[[0;32m  OK  [0m] Started LXD - container startup/shutdown.
[[0;32m  OK  [0m] Started Snap Daemon.
         Starting Wait until snapd is fully seeded...
[[0;32m  OK  [0m] Started Pollinate to seed the pseudo random number generator.
         Starting OpenBSD Secure Shell server...
[[0;32m  OK  [0m] Started Wait until snapd is fully seeded.
         Starting Apply the settings specified in cloud-config...
[[0;32m  OK  [0m] Started OpenBSD Secure Shell server.
[[0;32m  OK  [0m] Reached target Multi-User System.
[[0;32m  OK  [0m] Reached target Graphical Interface.
         Starting Update UTMP about System Runlevel Changes...
[[0;32m  OK  [0m] Started Update UTMP about System Runlevel Changes.
[[0;32m  OK  [0m] Created slice User Slice of vagrant.
         Starting User Manager for UID 1000...
[[0;32m  OK  [0m] Started Session 1 of user vagrant.
[[0;32m  OK  [0m] Started User Manager for UID 1000.
[   27.550602] cloud-init[1291]: Generating locales (this might take a while)...

Ubuntu 16.04.7 LTS ubuntu-xenial ttyS0

ubuntu-xenial login: [   30.373019] cloud-init[1291]:   en_US.UTF-8... done
[   30.373399] cloud-init[1291]: Generation complete.
[   31.149514] cloud-init[1291]: Cloud-init v. 21.1-19-gbad84ad4-0ubuntu1~16.04.2 running 'modules:config' at Tue, 28 Feb 2023 14:38:25 +0000. Up 27.27 seconds.
ci-info: no authorized SSH keys fingerprints found for user ubuntu.
<14>Feb 28 14:38:29 ec2: 
<14>Feb 28 14:38:29 ec2: #############################################################
<14>Feb 28 14:38:29 ec2: -----BEGIN SSH HOST KEY FINGERPRINTS-----
<14>Feb 28 14:38:29 ec2: 1024 SHA256:wmWutIp06eAvfE66XebhpcPFK1CN21L8SqABfPv6xtg root@ubuntu-xenial (DSA)
<14>Feb 28 14:38:29 ec2: 256 SHA256:rRejonx2W+dTjALd2O30TRQdDVWRnlL0inBP6Y/Q2eI root@ubuntu-xenial (ECDSA)
<14>Feb 28 14:38:29 ec2: 256 SHA256:2eNW6rMYWUbaLAhU4AFemwvFKaU/mIJV4XzMnZ6Tk44 root@ubuntu-xenial (ED25519)
<14>Feb 28 14:38:29 ec2: 2048 SHA256:iNjXsmxvqy3YO3vlA2yMkXGiwoYiO/3TpHxeBoQdZ40 root@ubuntu-xenial (RSA)
<14>Feb 28 14:38:29 ec2: -----END SSH HOST KEY FINGERPRINTS-----
<14>Feb 28 14:38:29 ec2: #############################################################
-----BEGIN SSH HOST KEY KEYS-----
ecdsa-sha2-nistp256 AAAAE2VjZHNhLXNoYTItbmlzdHAyNTYAAAAIbmlzdHAyNTYAAABBBDTdvcAioVE92FseLlwD07QQcXrKfcwfQZa8ddojEqxaMAepdgaGot+OpNgPEwNx+x8t2M+27TqrbcuFAJK5iI8= root@ubuntu-xenial
ssh-ed25519 AAAAC3NzaC1lZDI1NTE5AAAAICNngoUFo5JE+GiXg6ZhiJNTOTdGdkHxn8Mc58WnqU2O root@ubuntu-xenial
ssh-rsa AAAAB3NzaC1yc2EAAAADAQABAAABAQDhGiE27PVGfg8WjZZl335+mPK2JvGJ/vY/dezJoMQjFPK9H1VlfY5OYVCbxeONi3Vi5lTp0pyCMzZIGlQyH2NZSNcpaMXLiVTPdjrB3LLZ7pzlmQAGUVzNcL6OCVWzhDPSDGT5sAbAZPaCdjZWy7pmZYbLPGpYOyA/JrtdhnwQYG0r6pGJWVOMUWIhjsZqolTI39imjDDYMl+BIJtEeY469TutLBxjJkrvQKXlwhSIRH/2F3BzUz1r7fP2koEslpbgu01yGK3j8EPIni3mPygZcgoLi4uY+455M78uBlOAMgwAdP99/XMr064hi/j+wA4TABVGcOGyhSu9eN0K87G/ root@ubuntu-xenial
-----END SSH HOST KEY KEYS-----
[   31.972025] cloud-init[1523]: Cloud-init v. 21.1-19-gbad84ad4-0ubuntu1~16.04.2 running 'modules:final' at Tue, 28 Feb 2023 14:38:29 +0000. Up 31.63 seconds.
[   31.973375] cloud-init[1523]: ci-info: no authorized SSH keys fingerprints found for user ubuntu.
[   31.974107] cloud-init[1523]: Cloud-init v. 21.1-19-gbad84ad4-0ubuntu1~16.04.2 finished at Tue, 28 Feb 2023 14:38:29 +0000. Datasource DataSourceNoCloud [seed=/dev/sdb][dsmode=net].  Up 31.89 seconds
