[    0.000000] Linux version 4.15.0-204-generic (buildd@lcy02-amd64-030) (gcc version 7.5.0 (Ubuntu 7.5.0-3ubuntu1~18.04)) #215-Ubuntu SMP Fri Jan 20 18:24:59 UTC 2023 (Ubuntu 4.15.0-204.215-generic 4.15.18)
[    0.000000] Command line: BOOT_IMAGE=/boot/vmlinuz-4.15.0-204-generic root=LABEL=cloudimg-rootfs ro console=tty1 console=ttyS0
[    0.000000] KERNEL supported cpus:
[    0.000000]   Intel GenuineIntel
[    0.000000]   AMD AuthenticAMD
[    0.000000]   Centaur CentaurHauls
[    0.000000] [Firmware Bug]: TSC doesn't count with P0 frequency!
[    0.000000] x86/fpu: x87 FPU will use FXSAVE
[    0.000000] e820: BIOS-provided physical RAM map:
[    0.000000] BIOS-e820: [mem 0x0000000000000000-0x000000000009fbff] usable
[    0.000000] BIOS-e820: [mem 0x000000000009fc00-0x000000000009ffff] reserved
[    0.000000] BIOS-e820: [mem 0x00000000000f0000-0x00000000000fffff] reserved
[    0.000000] BIOS-e820: [mem 0x0000000000100000-0x000000003ffeffff] usable
[    0.000000] BIOS-e820: [mem 0x000000003fff0000-0x000000003fffffff] ACPI data
[    0.000000] BIOS-e820: [mem 0x00000000fec00000-0x00000000fec00fff] reserved
[    0.000000] BIOS-e820: [mem 0x00000000fee00000-0x00000000fee00fff] reserved
[    0.000000] BIOS-e820: [mem 0x00000000fffc0000-0x00000000ffffffff] reserved
[    0.000000] NX (Execute Disable) protection: active
[    0.000000] SMBIOS 2.5 present.
[    0.000000] DMI: innotek GmbH VirtualBox/VirtualBox, BIOS VirtualBox 12/01/2006
[    0.000000] Hypervisor detected: KVM
[    0.000000] e820: last_pfn = 0x3fff0 max_arch_pfn = 0x400000000
[    0.000000] MTRR: Disabled
[    0.000000] x86/PAT: MTRRs disabled, skipping PAT initialization too.
[    0.000000] CPU MTRRs all blank - virtualized system.
[    0.000000] x86/PAT: Configuration [0-7]: WB  WT  UC- UC  WB  WT  UC- UC  
[    0.000000] found SMP MP-table at [mem 0x0009fff0-0x0009ffff]
[    0.000000] Scanning 1 areas for low memory corruption
[    0.000000] RAMDISK: [mem 0x359c9000-0x36cdbfff]
[    0.000000] ACPI: Early table checksum verification disabled
[    0.000000] ACPI: RSDP 0x00000000000E0000 000024 (v02 VBOX  )
[    0.000000] ACPI: XSDT 0x000000003FFF0030 00003C (v01 VBOX   VBOXXSDT 00000001 ASL  00000061)
[    0.000000] ACPI: FACP 0x000000003FFF00F0 0000F4 (v04 VBOX   VBOXFACP 00000001 ASL  00000061)
[    0.000000] ACPI: DSDT 0x000000003FFF0610 002353 (v02 VBOX   VBOXBIOS 00000002 INTL 20100528)
[    0.000000] ACPI: FACS 0x000000003FFF0200 000040
[    0.000000] ACPI: FACS 0x000000003FFF0200 000040
[    0.000000] ACPI: APIC 0x000000003FFF0240 00005C (v02 VBOX   VBOXAPIC 00000001 ASL  00000061)
[    0.000000] ACPI: SSDT 0x000000003FFF02A0 00036C (v01 VBOX   VBOXCPUT 00000002 INTL 20100528)
[    0.000000] ACPI: Reserving FACP table memory at [mem 0x3fff00f0-0x3fff01e3]
[    0.000000] ACPI: Reserving DSDT table memory at [mem 0x3fff0610-0x3fff2962]
[    0.000000] ACPI: Reserving FACS table memory at [mem 0x3fff0200-0x3fff023f]
[    0.000000] ACPI: Reserving FACS table memory at [mem 0x3fff0200-0x3fff023f]
[    0.000000] ACPI: Reserving APIC table memory at [mem 0x3fff0240-0x3fff029b]
[    0.000000] ACPI: Reserving SSDT table memory at [mem 0x3fff02a0-0x3fff060b]
[    0.000000] No NUMA configuration found
[    0.000000] Faking a node at [mem 0x0000000000000000-0x000000003ffeffff]
[    0.000000] NODE_DATA(0) allocated [mem 0x3ffc5000-0x3ffeffff]
[    0.000000] kvm-clock: cpu 0, msr 0:3ff44001, primary cpu clock
[    0.000000] kvm-clock: Using msrs 4b564d01 and 4b564d00
[    0.000000] kvm-clock: using sched offset of 6385856538 cycles
[    0.000000] clocksource: kvm-clock: mask: 0xffffffffffffffff max_cycles: 0x1cd42e4dffb, max_idle_ns: 881590591483 ns
[    0.000000] Zone ranges:
[    0.000000]   DMA      [mem 0x0000000000001000-0x0000000000ffffff]
[    0.000000]   DMA32    [mem 0x0000000001000000-0x000000003ffeffff]
[    0.000000]   Normal   empty
[    0.000000]   Device   empty
[    0.000000] Movable zone start for each node
[    0.000000] Early memory node ranges
[    0.000000]   node   0: [mem 0x0000000000001000-0x000000000009efff]
[    0.000000]   node   0: [mem 0x0000000000100000-0x000000003ffeffff]
[    0.000000] Reserved but unavailable: 104 pages
[    0.000000] Initmem setup node 0 [mem 0x0000000000001000-0x000000003ffeffff]
[    0.000000] ACPI: PM-Timer IO Port: 0x4008
[    0.000000] IOAPIC[0]: apic_id 2, version 32, address 0xfec00000, GSI 0-23
[    0.000000] ACPI: INT_SRC_OVR (bus 0 bus_irq 0 global_irq 2 dfl dfl)
[    0.000000] ACPI: INT_SRC_OVR (bus 0 bus_irq 9 global_irq 9 low level)
[    0.000000] Using ACPI (MADT) for SMP configuration information
[    0.000000] smpboot: Allowing 2 CPUs, 0 hotplug CPUs
[    0.000000] PM: Registered nosave memory: [mem 0x00000000-0x00000fff]
[    0.000000] PM: Registered nosave memory: [mem 0x0009f000-0x0009ffff]
[    0.000000] PM: Registered nosave memory: [mem 0x000a0000-0x000effff]
[    0.000000] PM: Registered nosave memory: [mem 0x000f0000-0x000fffff]
[    0.000000] e820: [mem 0x40000000-0xfebfffff] available for PCI devices
[    0.000000] Booting paravirtualized kernel on KVM
[    0.000000] clocksource: refined-jiffies: mask: 0xffffffff max_cycles: 0xffffffff, max_idle_ns: 7645519600211568 ns
[    0.000000] setup_percpu: NR_CPUS:8192 nr_cpumask_bits:2 nr_cpu_ids:2 nr_node_ids:1
[    0.000000] percpu: Embedded 50 pages/cpu s167936 r8192 d28672 u1048576
[    0.000000] PV qspinlock hash table entries: 256 (order: 0, 4096 bytes)
[    0.000000] Built 1 zonelists, mobility grouping on.  Total pages: 257913
[    0.000000] Policy zone: DMA32
[    0.000000] Kernel command line: BOOT_IMAGE=/boot/vmlinuz-4.15.0-204-generic root=LABEL=cloudimg-rootfs ro console=tty1 console=ttyS0
[    0.000000] Memory: 982640K/1048120K available (12300K kernel code, 2477K rwdata, 4324K rodata, 2480K init, 2720K bss, 65480K reserved, 0K cma-reserved)
[    0.000000] SLUB: HWalign=64, Order=0-3, MinObjects=0, CPUs=2, Nodes=1
[    0.000000] ftrace: allocating 39488 entries in 155 pages
[    0.004000] Hierarchical RCU implementation.
[    0.004000] 	RCU restricting CPUs from NR_CPUS=8192 to nr_cpu_ids=2.
[    0.004000] 	Tasks RCU enabled.
[    0.004000] RCU: Adjusting geometry for rcu_fanout_leaf=16, nr_cpu_ids=2
[    0.004000] NR_IRQS: 524544, nr_irqs: 440, preallocated irqs: 16
[    0.004000] random: crng init done
[    0.004000] Console: colour VGA+ 80x25
[    0.004000] console [tty1] enabled
[    0.004000] console [ttyS0] enabled
[    0.004000] ACPI: Core revision 20170831
[    0.004000] ACPI: 2 ACPI AML tables successfully acquired and loaded
[    0.004000] APIC: Switch to symmetric I/O mode setup
[    0.004000] ..TIMER: vector=0x30 apic1=0 pin1=2 apic2=-1 pin2=-1
[    0.004018] tsc: Detected 2096.008 MHz processor
[    0.008021] Calibrating delay loop (skipped) preset value.. 4192.01 BogoMIPS (lpj=8384032)
[    0.012022] pid_max: default: 32768 minimum: 301
[    0.016293] Security Framework initialized
[    0.020020] Yama: becoming mindful.
[    0.024363] AppArmor: AppArmor initialized
[    0.049850] Dentry cache hash table entries: 131072 (order: 8, 1048576 bytes)
[    0.064199] Inode-cache hash table entries: 65536 (order: 7, 524288 bytes)
[    0.068336] Mount-cache hash table entries: 2048 (order: 2, 16384 bytes)
[    0.072353] Mountpoint-cache hash table entries: 2048 (order: 2, 16384 bytes)
[    0.080629] Last level iTLB entries: 4KB 1024, 2MB 1024, 4MB 512
[    0.084019] Last level dTLB entries: 4KB 1536, 2MB 1536, 4MB 768, 1GB 0
[    0.088019] Spectre V1 : Mitigation: usercopy/swapgs barriers and __user pointer sanitization
[    0.092020] Spectre V2 : Mitigation: Retpolines
[    0.096015] Spectre V2 : Spectre v2 / SpectreRSB mitigation: Filling RSB on context switch
[    0.104010] Spectre V2 : Spectre v2 / SpectreRSB : Filling RSB on VMEXIT
[    0.108021] RETBleed: Vulnerable
[    0.112412] Freeing SMP alternatives memory: 36K
[    0.238460] APIC calibration not consistent with PM-Timer: 104ms instead of 100ms
[    0.240000] APIC delta adjusted to PM-Timer: 6309870 (6567286)
[    0.240883] smpboot: CPU0: AMD Ryzen 5 3500U with Radeon Vega Mobile Gfx (family: 0x17, model: 0x18, stepping: 0x1)
[    0.245602] Performance Events: PMU not available due to virtualization, using software events only.
[    0.252342] Hierarchical SRCU implementation.
[    0.261918] NMI watchdog: Perf event create on CPU 0 failed with -2
[    0.264016] NMI watchdog: Perf NMI watchdog permanently disabled
[    0.269273] smp: Bringing up secondary CPUs ...
[    0.280154] x86: Booting SMP configuration:
[    0.284015] .... node  #0, CPUs:      #1
[    0.004000] kvm-clock: cpu 1, msr 0:3ff44041, secondary cpu clock
[    0.311819] TSC synchronization [CPU#0 -> CPU#1]:
[    0.312000] Measured 169519 cycles TSC warp between CPUs, turning off TSC clock.
[    0.312000] tsc: Marking TSC unstable due to check_tsc_sync_source failed
[    0.320498] smp: Brought up 1 node, 2 CPUs
[    0.324018] smpboot: Max logical packages: 1
[    0.328017] smpboot: Total of 2 processors activated (8384.03 BogoMIPS)
[    0.336379] devtmpfs: initialized
[    0.349487] x86/mm: Memory block size: 128MB
[    0.365316] evm: security.selinux
[    0.380009] evm: security.SMACK64
[    0.392009] evm: security.SMACK64EXEC
[    0.404011] evm: security.SMACK64TRANSMUTE
[    0.420007] evm: security.SMACK64MMAP
[    0.436010] evm: security.apparmor
[    0.444010] evm: security.ima
[    0.452010] evm: security.capability
[    0.464571] clocksource: jiffies: mask: 0xffffffff max_cycles: 0xffffffff, max_idle_ns: 7645041785100000 ns
[    0.468271] futex hash table entries: 512 (order: 3, 32768 bytes)
[    0.472631] pinctrl core: initialized pinctrl subsystem
[    0.477688] RTC time:  5:29:44, date: 03/03/23
[    0.482848] NET: Registered protocol family 16
[    0.484534] audit: initializing netlink subsys (disabled)
[    0.492011] audit: type=2000 audit(1677821391.195:1): state=initialized audit_enabled=0 res=1
[    0.516246] cpuidle: using governor ladder
[    0.528579] cpuidle: using governor menu
[    0.540644] ACPI: bus type PCI registered
[    0.544021] acpiphp: ACPI Hot Plug PCI Controller Driver version: 0.5
[    0.550222] PCI: Using configuration type 1 for base access
[    0.552015] PCI: Using configuration type 1 for extended access
[    0.572439] HugeTLB registered 2.00 MiB page size, pre-allocated 0 pages
[    0.600864] ACPI: Added _OSI(Module Device)
[    0.616020] ACPI: Added _OSI(Processor Device)
[    0.628021] ACPI: Added _OSI(3.0 _SCP Extensions)
[    0.640016] ACPI: Added _OSI(Processor Aggregator Device)
[    0.652022] ACPI: Added _OSI(Linux-Dell-Video)
[    0.664020] ACPI: Added _OSI(Linux-Lenovo-NV-HDMI-Audio)
[    0.676027] ACPI: Added _OSI(Linux-HPI-Hybrid-Graphics)
[    0.696200] ACPI: Executed 1 blocks of module-level executable AML code
[    0.729115] ACPI: Interpreter enabled
[    0.740080] ACPI: (supports S0 S5)
[    0.748025] ACPI: Using IOAPIC for interrupt routing
[    0.765004] PCI: Using host bridge windows from ACPI; if necessary, use "pci=nocrs" and report a bug
[    0.788576] ACPI: Enabled 2 GPEs in block 00 to 07
[    0.827346] ACPI: PCI Root Bridge [PCI0] (domain 0000 [bus 00-ff])
[    0.844059] acpi PNP0A03:00: _OSC: OS supports [ExtendedConfig ASPM ClockPM Segments MSI]
[    0.871208] acpi PNP0A03:00: _OSC: platform does not support [PCIeCapability]
[    0.893758] acpi PNP0A03:00: _OSC: not requesting control; platform does not support [PCIeCapability]
[    0.916024] acpi PNP0A03:00: _OSC: OS requested [PCIeHotplug PME AER PCIeCapability]
[    0.932030] acpi PNP0A03:00: _OSC: platform willing to grant [PCIeHotplug PME AER]
[    0.952038] acpi PNP0A03:00: _OSC failed (AE_SUPPORT); disabling ASPM
[    0.970258] PCI host bridge to bus 0000:00
[    0.980036] pci_bus 0000:00: root bus resource [io  0x0000-0x0cf7 window]
[    1.000126] pci_bus 0000:00: root bus resource [io  0x0d00-0xffff window]
[    1.016027] pci_bus 0000:00: root bus resource [mem 0x000a0000-0x000bffff window]
[    1.036029] pci_bus 0000:00: root bus resource [mem 0x40000000-0xfdffffff window]
[    1.056022] pci_bus 0000:00: root bus resource [bus 00-ff]
[    1.088080] pci 0000:00:01.1: legacy IDE quirk: reg 0x10: [io  0x01f0-0x01f7]
[    1.104019] pci 0000:00:01.1: legacy IDE quirk: reg 0x14: [io  0x03f6]
[    1.120018] pci 0000:00:01.1: legacy IDE quirk: reg 0x18: [io  0x0170-0x0177]
[    1.136010] pci 0000:00:01.1: legacy IDE quirk: reg 0x1c: [io  0x0376]
[    1.198493] pci 0000:00:07.0: quirk: [io  0x4000-0x403f] claimed by PIIX4 ACPI
[    1.216127] pci 0000:00:07.0: quirk: [io  0x4100-0x410f] claimed by PIIX4 SMB
[    1.251045] ACPI: PCI Interrupt Link [LNKA] (IRQs 5 9 10 *11)
[    1.265164] ACPI: PCI Interrupt Link [LNKB] (IRQs 5 9 *10 11)
[    1.280691] ACPI: PCI Interrupt Link [LNKC] (IRQs 5 *9 10 11)
[    1.292489] ACPI: PCI Interrupt Link [LNKD] (IRQs 5 9 10 *11)
[    1.310246] SCSI subsystem initialized
[    1.324264] pci 0000:00:02.0: vgaarb: setting as boot VGA device
[    1.328000] pci 0000:00:02.0: vgaarb: VGA device added: decodes=io+mem,owns=io+mem,locks=none
[    1.328024] pci 0000:00:02.0: vgaarb: bridge control possible
[    1.332011] vgaarb: loaded
[    1.336481] ACPI: bus type USB registered
[    1.340076] usbcore: registered new interface driver usbfs
[    1.344192] usbcore: registered new interface driver hub
[    1.348049] usbcore: registered new device driver usb
[    1.352532] EDAC MC: Ver: 3.0.0
[    1.364130] PCI: Using ACPI for IRQ routing
[    1.369982] NetLabel: Initializing
[    1.372013] NetLabel:  domain hash size = 128
[    1.376008] NetLabel:  protocols = UNLABELED CIPSOv4 CALIPSO
[    1.380169] NetLabel:  unlabeled traffic allowed by default
[    1.388019] clocksource: Switched to clocksource kvm-clock
[    1.552034] VFS: Disk quotas dquot_6.6.0
[    1.568369] VFS: Dquot-cache hash table entries: 512 (order 0, 4096 bytes)
[    1.587017] AppArmor: AppArmor Filesystem Enabled
[    1.598646] pnp: PnP ACPI init
[    1.610835] pnp: PnP ACPI: found 3 devices
[    1.772021] clocksource: acpi_pm: mask: 0xffffff max_cycles: 0xffffff, max_idle_ns: 2085701024 ns
[    1.814252] NET: Registered protocol family 2
[    1.837531] IP idents hash table entries: 16384 (order: 5, 131072 bytes)
[    1.866120] TCP established hash table entries: 8192 (order: 4, 65536 bytes)
[    1.885232] TCP bind hash table entries: 8192 (order: 5, 131072 bytes)
[    1.902313] TCP: Hash tables configured (established 8192 bind 8192)
[    1.919195] UDP hash table entries: 512 (order: 2, 16384 bytes)
[    1.933210] UDP-Lite hash table entries: 512 (order: 2, 16384 bytes)
[    1.948533] NET: Registered protocol family 1
[    1.959346] pci 0000:00:00.0: Limiting direct PCI/PCI transfers
[    1.973194] pci 0000:00:01.0: Activating ISA DMA hang workarounds
[    1.988493] pci 0000:00:02.0: Video device with shadowed ROM at [mem 0x000c0000-0x000dffff]
[    2.010930] Unpacking initramfs...
[    3.139118] Freeing initrd memory: 19532K
[    3.353046] clocksource: tsc: mask: 0xffffffffffffffff max_cycles: 0x1e36757e471, max_idle_ns: 440795231113 ns
[    3.378677] platform rtc_cmos: registered platform RTC device (no PNP device found)
[    3.399263] Scanning for low memory corruption every 60 seconds
[    3.422368] Initialise system trusted keyrings
[    3.435598] Key type blacklist registered
[    3.449251] workingset: timestamp_bits=36 max_order=18 bucket_order=0
[    3.471471] zbud: loaded
[    3.483634] squashfs: version 4.0 (2009/01/31) Phillip Lougher
[    3.503021] fuse init (API version 7.26)
[    3.599964] Key type asymmetric registered
[    3.609572] Asymmetric key parser 'x509' registered
[    3.619932] Block layer SCSI generic (bsg) driver version 0.4 loaded (major 246)
[    3.638158] io scheduler noop registered
[    3.647297] io scheduler deadline registered
[    3.657260] io scheduler cfq registered (default)
[    3.671180] ACPI: AC Adapter [AC] (off-line)
[    3.680667] input: Power Button as /devices/LNXSYSTM:00/LNXPWRBN:00/input/input0
[    3.697739] ACPI: Power Button [PWRF]
[    3.706427] input: Sleep Button as /devices/LNXSYSTM:00/LNXSLPBN:00/input/input1
[    3.722341] ACPI: Sleep Button [SLPF]
[    3.734616] Serial: 8250/16550 driver, 32 ports, IRQ sharing enabled
[    3.739112] ACPI: Battery Slot [BAT0] (battery present)
[    3.804340] 00:02: ttyS0 at I/O 0x3f8 (irq = 4, base_baud = 115200) is a 16550A
[    3.860848] Linux agpgart interface v0.103
[    3.900600] loop: module loaded
[    3.916787] scsi host0: ata_piix
[    3.927514] scsi host1: ata_piix
[    3.936428] ata1: PATA max UDMA/33 cmd 0x1f0 ctl 0x3f6 bmdma 0xd000 irq 14
[    3.952929] ata2: PATA max UDMA/33 cmd 0x170 ctl 0x376 bmdma 0xd008 irq 15
[    3.970952] tun: Universal TUN/TAP device driver, 1.6
[    3.983541] PPP generic driver version 2.4.2
[    3.993883] ehci_hcd: USB 2.0 'Enhanced' Host Controller (EHCI) Driver
[    4.008939] ehci-pci: EHCI PCI platform driver
[    4.019063] ehci-platform: EHCI generic platform driver
[    4.031085] ohci_hcd: USB 1.1 'Open' Host Controller (OHCI) Driver
[    4.045684] ohci-pci: OHCI PCI platform driver
[    4.055807] ohci-platform: OHCI generic platform driver
[    4.067616] uhci_hcd: USB Universal Host Controller Interface driver
[    4.081928] i8042: PNP: PS/2 Controller [PNP0303:PS2K,PNP0f03:PS2M] at 0x60,0x64 irq 1,12
[    4.104671] serio: i8042 KBD port at 0x60,0x64 irq 1
[    4.118524] serio: i8042 AUX port at 0x60,0x64 irq 12
[    4.130304] mousedev: PS/2 mouse device common for all mice
[    4.150009] rtc_cmos rtc_cmos: rtc core: registered rtc_cmos as rtc0
[    4.169684] rtc_cmos rtc_cmos: alarms up to one day, 114 bytes nvram
[    4.185649] i2c /dev entries driver
[    4.237132] device-mapper: uevent: version 1.0.3
[    4.248674] device-mapper: ioctl: 4.37.0-ioctl (2017-09-20) initialised: dm-devel@redhat.com
[    4.269803] ledtrig-cpu: registered to indicate activity on CPUs
[    4.270239] input: AT Translated Set 2 keyboard as /devices/platform/i8042/serio0/input/input2
[    4.288631] NET: Registered protocol family 10
[    4.343434] Segment Routing with IPv6
[    4.353292] NET: Registered protocol family 17
[    4.365631] Key type dns_resolver registered
[    4.377100] mce: Using 0 MCE banks
[    4.385072] RAS: Correctable Errors collector initialized.
[    4.397785] sched_clock: Marking stable (4397654291, 0)->(6379514592, -1981860301)
[    4.424584] registered taskstats version 1
[    4.433937] Loading compiled-in X.509 certificates
[    4.454995] Loaded X.509 cert 'Build time autogenerated kernel key: 449f52b446813ee48ad446aa51a5377584e80c28'
[    4.477430] Loaded X.509 cert 'Canonical Ltd. Live Patch Signing: 14df34d1a87cf37625abec039ef2bf521249b969'
[    4.498920] Loaded X.509 cert 'Canonical Ltd. Kernel Module Signing: 88f752e560a1e0737e31163a466ad7b70a850c19'
[    4.520950] blacklist: Loading compiled-in revocation X.509 certificates
[    4.535521] Loaded X.509 cert 'Canonical Ltd. Secure Boot Signing: 61482aa2830d0ab2ad5af10b7250da9033ddcef0'
[    4.555058] Loaded X.509 cert 'Canonical Ltd. Secure Boot Signing (2017): 242ade75ac4a15e50d50c84b0d45ff3eae707a03'
[    4.578662] Loaded X.509 cert 'Canonical Ltd. Secure Boot Signing (ESM 2018): 365188c1d374d6b07c3c8f240f8ef722433d6a8b'
[    4.601636] Loaded X.509 cert 'Canonical Ltd. Secure Boot Signing (2019): c0746fd6c5da3ae827864651ad66ae47fe24b3e8'
[    4.624410] Loaded X.509 cert 'Canonical Ltd. Secure Boot Signing (2021 v1): a8d54bbb3825cfb94fa13c9f8a594a195c107b8d'
[    4.647221] Loaded X.509 cert 'Canonical Ltd. Secure Boot Signing (2021 v2): 4cf046892d6fd3c9a5b03f98d845f90851dc6a8c'
[    4.674516] Loaded X.509 cert 'Canonical Ltd. Secure Boot Signing (2021 v3): 100437bb6de6e469b581e61cd66bce3ef4ed53af'
[    4.697986] Loaded X.509 cert 'Canonical Ltd. Secure Boot Signing (Ubuntu Core 2019): c1d57b8f6b743f23ee41f4f7ee292f06eecadfb9'
[    4.724372] zswap: loaded using pool lzo/zbud
[    4.755774] Key type big_key registered
[    4.765172] Key type trusted registered
[    4.786787] Key type encrypted registered
[    4.797594] AppArmor: AppArmor sha1 policy hashing enabled
[    4.811295] ima: No TPM chip found, activating TPM-bypass! (rc=-19)
[    4.825929] ima: Allocated hash algorithm: sha1
[    4.836484] evm: HMAC attrs: 0x1
[    4.846602]   Magic number: 15:658:465
[    4.857090] rtc_cmos rtc_cmos: setting system clock to 2023-03-03 05:29:49 UTC (1677821389)
[    4.876906] BIOS EDD facility v0.16 2004-Jun-25, 0 devices found
[    4.891275] EDD information not available.
[    4.907817] Freeing unused kernel image memory: 2480K
[    4.936223] Write protecting the kernel read-only data: 20480k
[    4.952038] Freeing unused kernel image memory: 2008K
[    4.964765] Freeing unused kernel image memory: 1820K
[    4.986623] x86/mm: Checked W+X mappings: passed, no W+X pages found.
Loading, please wait...
starting version 237
[    5.194615] e1000: Intel(R) PRO/1000 Network Driver - version 7.3.21-k8-NAPI
[    5.211758] e1000: Copyright (c) 1999-2006 Intel Corporation.
[    5.230025] Fusion MPT base driver 3.04.20
[    5.241382] Copyright (c) 1999-2008 LSI Corporation
[    5.357690] Fusion MPT SPI Host driver 3.04.20
[    5.371773] SSE version of gcm_enc/dec engaged.
[    5.555267] input: ImExPS/2 Generic Explorer Mouse as /devices/platform/i8042/serio1/input/input4
[    6.553612] e1000 0000:00:03.0 eth0: (PCI:33MHz:32-bit) 02:69:82:ba:7f:56
[    6.569701] e1000 0000:00:03.0 eth0: Intel(R) PRO/1000 Network Connection
[    6.590719] mptbase: ioc0: Initiating bringup
[    6.591679] e1000 0000:00:03.0 enp0s3: renamed from eth0
[    6.723701] ioc0: LSI53C1030 A0: Capabilities={Initiator}
[    7.669922] scsi host2: ioc0: LSI53C1030 A0, FwRev=00000000h, Ports=1, MaxQ=256, IRQ=20
[    7.867251] scsi 2:0:0:0: Direct-Access     VBOX     HARDDISK         1.0  PQ: 0 ANSI: 5
[    7.916224] scsi target2:0:0: Beginning Domain Validation
[    7.941299] scsi target2:0:0: Domain Validation skipping write tests
[    7.954574] scsi target2:0:0: Ending Domain Validation
[    7.965658] scsi target2:0:0: asynchronous
[    7.977464] scsi 2:0:1:0: Direct-Access     VBOX     HARDDISK         1.0  PQ: 0 ANSI: 5
[    8.300360] scsi target2:0:1: Beginning Domain Validation
[    8.344966] scsi target2:0:1: Domain Validation skipping write tests
[    8.365146] scsi target2:0:1: Ending Domain Validation
[    8.381578] scsi target2:0:1: asynchronous
[    8.416792] sd 2:0:0:0: Attached scsi generic sg0 type 0
[    8.432507] sd 2:0:1:0: Attached scsi generic sg1 type 0
[    8.447601] sd 2:0:0:0: [sda] 83886080 512-byte logical blocks: (42.9 GB/40.0 GiB)
[    8.449233] sd 2:0:1:0: [sdb] 20480 512-byte logical blocks: (10.5 MB/10.0 MiB)
[    8.483743] sd 2:0:0:0: [sda] Write Protect is off
[    8.484269] sd 2:0:1:0: [sdb] Write Protect is off
[    8.511135] sd 2:0:1:0: [sdb] Incomplete mode parameter data
[    8.511534] sd 2:0:0:0: [sda] Incomplete mode parameter data
[    8.522566] sd 2:0:1:0: [sdb] Assuming drive cache: write through
[    8.536328] sd 2:0:0:0: [sda] Assuming drive cache: write through
[    8.585968]  sda: sda1
[    8.603838] sd 2:0:0:0: [sda] Attached SCSI disk
[    8.604649] sd 2:0:1:0: [sdb] Attached SCSI disk
Begin: Loading essential drivers ... [   11.652335] raid6: sse2x1   gen()  4187 MB/s
[   11.708120] raid6: sse2x1   xor()  3075 MB/s
[   11.765094] raid6: sse2x2   gen()  8740 MB/s
[   11.820711] raid6: sse2x2   xor()  4672 MB/s
[   11.875981] raid6: sse2x4   gen()  9219 MB/s
[   11.932405] raid6: sse2x4   xor()  4558 MB/s
[   11.942342] raid6: using algorithm sse2x4 gen() 9219 MB/s
[   11.954143] raid6: .... xor() 4558 MB/s, rmw enabled
[   11.965781] raid6: using ssse3x2 recovery algorithm
[   11.982689] xor: measuring software checksum speed
[   15.796273]    prefetch64-sse: 1804364.000 MB/sec
[   16.861034]    generic_sse: 20323.000 MB/sec
[   16.871460] xor: using function: prefetch64-sse (1804364.000 MB/sec)
[   16.892519] async_tx: api initialized (async)
done.
Begin: Running /scripts/init-premount ... done.
Begin: Mounting root file system ... Begin: Running /scripts/local-top ... done.
Begin: Running /scripts/local-premount ... [   17.045477] Btrfs loaded, crc32c=crc32c-intel
Scanning for Btrfs filesystems
done.
Warning: fsck not present, so skipping root file system
[   17.193455] EXT4-fs (sda1): mounted filesystem with ordered data mode. Opts: (null)
done.
Begin: Running /scripts/local-bottom ... done.
Begin: Running /scripts/init-bottom ... done.
[   17.719270] ip_tables: (C) 2000-2006 Netfilter Core Team
[   17.776028] systemd[1]: systemd 237 running in system mode. (+PAM +AUDIT +SELINUX +IMA +APPARMOR +SMACK +SYSVINIT +UTMP +LIBCRYPTSETUP +GCRYPT +GNUTLS +ACL +XZ +LZ4 +SECCOMP +BLKID +ELFUTILS +KMOD -IDN2 +IDN -PCRE2 default-hierarchy=hybrid)
[   17.822488] systemd[1]: Detected virtualization oracle.
[   17.834936] systemd[1]: Detected architecture x86-64.

Welcome to [1mUbuntu 18.04.6 LTS[0m!

[   17.926051] systemd[1]: Set hostname to <ubuntu>.
[   17.954631] systemd[1]: Initializing machine ID from random generator.
[   17.968558] systemd[1]: Installed transient /etc/machine-id file.
[   19.210713] systemd[1]: Reached target User and Group Name Lookups.
[[0;32m  OK  [0m] Reached target User and Group Name Lookups.
[   19.237448] systemd[1]: Set up automount Arbitrary Executable File Formats File System Automount Point.
[[0;32m  OK  [0m] Set up automount Arbitrary Executab…rmats File System Automount Point.
[   19.269548] systemd[1]: Reached target Mounting snaps.
[[0;32m  OK  [0m] Reached target Mounting snaps.
[   19.313731] systemd[1]: Created slice User and Session Slice.
[[0;32m  OK  [0m] Created slice User and Session Slice.
[[0;32m  OK  [0m] Started Forward Password Requests to Wall Directory Watch.
[[0;32m  OK  [0m] Reached target System Time Synchronized.
[[0;32m  OK  [0m] Reached target Swap.
[[0;32m  OK  [0m] Created slice System Slice.
[[0;32m  OK  [0m] Listening on LVM2 metadata daemon socket.
[[0;32m  OK  [0m] Listening on LVM2 poll daemon socket.
[[0;32m  OK  [0m] Listening on udev Kernel Socket.
[[0;32m  OK  [0m] Listening on Journal Socket.
         Starting Set the console keyboard layout...
         Mounting POSIX Message Queue File System...
         Starting Create list of required st…ce nodes for the current kernel...
[[0;32m  OK  [0m] Created slice system-serial\x2dgetty.slice.
[[0;32m  OK  [0m] Listening on Journal Audit Socket.
[[0;32m  OK  [0m] Listening on Network Service Netlink Socket.
[[0;32m  OK  [0m] Listening on /dev/initctl Compatibility Named Pipe.
[[0;32m  OK  [0m] Listening on udev Control Socket.
         Starting udev Coldplug all Devices...
         Starting Load Kernel Modules...
         Starting Uncomplicated firewall...
[[0;32m  OK  [0m] Listening on Device-mapper event daemon FIFOs.
         Starting Monitoring of LVM2 mirrors…ng dmeventd or progress polling...
         Mounting Kernel Debug File System...
[[0;32m  OK  [0m] Listening on fsck to fsckd communication Socket.
         Starting File System Check on Root Device...
[[0;32m  OK  [0m] Listening on Syslog Socket.
[   19.695222] Loading iSCSI transport class v2.0-870.
         Mounting Huge Pages File System...
[[0;32m  OK  [0m] Listening on Journal Socket (/dev/log).
         Starting Journal Service...
[[0;32m  OK  [0m] Reached target Mounted snaps.
[[0;32m  OK  [0m] Reached target Slices.
[[0;32m  OK  [0m] Mounted POSIX Message Queue File System.
[[0;32m  OK  [0m] Started Create list of required sta…vice nodes for the current kernel.
[[0;32m  OK  [0m] Started Uncomplicated firewall.
[   19.861624] iscsi: registered transport (tcp)
[[0;32m  OK  [0m] Mounted Kernel Debug File System.
[[0;32m  OK  [0m] Mounted Huge Pages File System.
[[0;32m  OK  [0m] Started File System Check Daemon to report status.
         Starting Create Static Device Nodes in /dev...
[[0;32m  OK  [0m] Started LVM2 metadata daemon.
[[0;32m  OK  [0m] Started udev Coldplug all Devices.
[[0;32m  OK  [0m] Started Create Static Device Nodes in /dev.
[[0;32m  OK  [0m] Started File System Check on Root Device.
         Starting Remount Root and Kernel File Systems...
[[0;32m  OK  [0m] Started Monitoring of LVM2 mirrors,…sing dmeventd or progress polling.
[[0;32m  OK  [0m] Started Journal Service.
[   20.284245] EXT4-fs (sda1): re-mounted. Opts: (null)
[[0;32m  OK  [0m] Started Remount Root and Kernel File Systems.
         Starting Flush Journal to Persistent Storage...
         Starting udev Kernel Device Manager...
         Starting Load/Save Random Seed...
[   20.384864] systemd-journald[424]: Received request to flush runtime journal from PID 1
[   20.411369] iscsi: registered transport (iser)
[[0;32m  OK  [0m] Started Load Kernel Modules.
         Starting Apply Kernel Variables...
         Mounting FUSE Control File System...
         Mounting Kernel Configuration File System...
[[0;32m  OK  [0m] Started Load/Save Random Seed.
[[0;32m  OK  [0m] Mounted FUSE Control File System.
[[0;32m  OK  [0m] Started Flush Journal to Persistent Storage.
[[0;32m  OK  [0m] Mounted Kernel Configuration File System.
[[0;32m  OK  [0m] Started udev Kernel Device Manager.
[[0;32m  OK  [0m] Started Apply Kernel Variables.
[[0;32m  OK  [0m] Found device /dev/ttyS0.
[[0;32m  OK  [0m] Listening on Load/Save RF Kill Switch Status /dev/rfkill Watch.
[[0;32m  OK  [0m] Started Set the console keyboard layout.
[[0;32m  OK  [0m] Reached target Local File Systems (Pre).
[[0;32m  OK  [0m] Reached target Local File Systems.
         Starting ebtables ruleset management...
         Starting AppArmor initialization...
         Starting Commit a transient machine-id on disk...
         Starting Create Volatile Files and Directories...
         Starting Tell Plymouth To Write Out Runtime Data...
         Starting Set console font and keymap...
[[0;32m  OK  [0m] Started Dispatch Password Requests to Console Directory Watch.
[[0;32m  OK  [0m] Reached target Local Encrypted Volumes.
[[0;32m  OK  [0m] Started Tell Plymouth To Write Out Runtime Data.
[[0;32m  OK  [0m] Started Set console font and keymap.
[[0;32m  OK  [0m] Started Create Volatile Files and Directories.
[[0;32m  OK  [0m] Started Commit a transient machine-id on disk.
         Starting Update UTMP about System Boot/Shutdown...
[[0;32m  OK  [0m] Started Update UTMP about System Boot/Shutdown.
[[0;32m  OK  [0m] Started ebtables ruleset management.
         Mounting Arbitrary Executable File Formats File System...
[[0;32m  OK  [0m] Mounted Arbitrary Executable File Formats File System.
[[0;32m  OK  [0m] Started AppArmor initialization.
         Starting Load AppArmor profiles managed internally by snapd...
         Starting Initial cloud-init job (pre-networking)...
[[0;32m  OK  [0m] Started Load AppArmor profiles managed internally by snapd.
[   28.938351] cloud-init[573]: Cloud-init v. 22.4.2-0ubuntu0~18.04.1 running 'init-local' at Fri, 03 Mar 2023 05:30:12 +0000. Up 27.81 seconds.
[[0;32m  OK  [0m] Started Initial cloud-init job (pre-networking).
[[0;32m  OK  [0m] Reached target Network (Pre).
         Starting Network Service...
[[0;32m  OK  [0m] Started Network Service.
         Starting Network Name Resolution...
         Starting Wait for Network to be Configured...
[[0;32m  OK  [0m] Started Network Name Resolution.
[[0;32m  OK  [0m] Reached target Host and Network Name Lookups.
[[0;32m  OK  [0m] Reached target Network.
[[0;32m  OK  [0m] Started Wait for Network to be Configured.
         Starting Initial cloud-init job (metadata service crawler)...
[   32.452651] cloud-init[676]: Cloud-init v. 22.4.2-0ubuntu0~18.04.1 running 'init' at Fri, 03 Mar 2023 05:30:16 +0000. Up 32.11 seconds.
[   32.473214] cloud-init[676]: ci-info: ++++++++++++++++++++++++++++++++++++++Net device info++++++++++++++++++++++++++++++++++++++
[   32.485358] cloud-init[676]: ci-info: +--------+------+----------------------------+---------------+--------+-------------------+
[   32.497260] cloud-init[676]: ci-info: | Device |  Up  |          Address           |      Mask     | Scope  |     Hw-Address    |
[   32.509860] cloud-init[676]: ci-info: +--------+------+----------------------------+---------------+--------+-------------------+
[   32.522243] cloud-init[676]: ci-info: | enp0s3 | True |         10.0.2.15          | 255.255.255.0 | global | 02:69:82:ba:7f:56 |
[   32.534128] cloud-init[676]: ci-info: | enp0s3 | True | fe80::69:82ff:feba:7f56/64 |       .       |  link  | 02:69:82:ba:7f:56 |
[   32.545843] cloud-init[676]: ci-info: |   lo   | True |         127.0.0.1          |   255.0.0.0   |  host  |         .         |
[   32.557652] cloud-init[676]: ci-info: |   lo   | True |          ::1/128           |       .       |  host  |         .         |
[   32.569775] cloud-init[676]: ci-info: +--------+------+----------------------------+---------------+--------+-------------------+
[   32.581764] cloud-init[676]: ci-info: ++++++++++++++++++++++++++++Route IPv4 info+++++++++++++++++++++++++++++
[   32.591850] cloud-init[676]: ci-info: +-------+-------------+----------+-----------------+-----------+-------+
[   32.602488] cloud-init[676]: ci-info: | Route | Destination | Gateway  |     Genmask     | Interface | Flags |
[   32.614025] cloud-init[676]: ci-info: +-------+-------------+----------+-----------------+-----------+-------+
[   32.625178] cloud-init[676]: ci-info: |   0   |   0.0.0.0   | 10.0.2.2 |     0.0.0.0     |   enp0s3  |   UG  |
[   32.636053] cloud-init[676]: ci-info: |   1   |   10.0.2.0  | 0.0.0.0  |  255.255.255.0  |   enp0s3  |   U   |
[   32.647130] cloud-init[676]: ci-info: |   2   |   10.0.2.2  | 0.0.0.0  | 255.255.255.255 |   enp0s3  |   UH  |
[   32.658158] cloud-init[676]: ci-info: +-------+-------------+----------+-----------------+-----------+-------+
[   32.669080] cloud-init[676]: ci-info: +++++++++++++++++++Route IPv6 info+++++++++++++++++++
[   32.678052] cloud-init[676]: ci-info: +-------+-------------+---------+-----------+-------+
[   32.686448] cloud-init[676]: ci-info: | Route | Destination | Gateway | Interface | Flags |
[   32.694253] cloud-init[676]: ci-info: +-------+-------------+---------+-----------+-------+
[   32.704386] cloud-init[676]: ci-info: |   1   |  fe80::/64  |    ::   |   enp0s3  |   U   |
[   32.715173] cloud-init[676]: ci-info: |   3   |    local    |    ::   |   enp0s3  |   U   |
[   32.723323] cloud-init[676]: ci-info: |   4   |   ff00::/8  |    ::   |   enp0s3  |   U   |
[   32.731739] cloud-init[676]: ci-info: +-------+-------------+---------+-----------+-------+
[   34.933686] cloud-init[676]: Generating public/private rsa key pair.
[   34.949343] cloud-init[676]: Your identification has been saved in /etc/ssh/ssh_host_rsa_key.
[   34.968112] cloud-init[676]: Your public key has been saved in /etc/ssh/ssh_host_rsa_key.pub.
[   34.984929] cloud-init[676]: The key fingerprint is:
[   34.998566] cloud-init[676]: SHA256:uNvNseFBh05lQiJJHLUyqxPjVo3RToSCefVSwRSL8AM root@ubuntu-bionic
[   35.012190] cloud-init[676]: The key's randomart image is:
[   35.034802] cloud-init[676]: +---[RSA 2048]----+
[   35.048418] cloud-init[676]: |   oE+=BOo.      |
[   35.058663] cloud-init[676]: |  o o++B.=       |
[   35.073120] cloud-init[676]: |   . .O * . o    |
[   35.085881] cloud-init[676]: |       &   =     |
[   35.104041] cloud-init[676]: |    o = S + .    |
[   35.118077] cloud-init[676]: [[0;32m  OK  [0m] Started Initial cloud-init job (metadata service crawler).
[[0;32m  OK  [0m] Reached target Network is Online.
[[0;32m  OK  [0m] Reached target Remote File Systems (Pre).
[[0;32m  OK  [0m] Reached target Remote File Systems.
         Starting Availability of block devices...
[[0;32m  OK  [0m] Reached target Cloud-config availability.
[[0;32m  OK  [0m] Reached target System Initialization.
         Starting LXD - unix socket.
[[0;32m  OK  [0m] Listening on D-Bus System Message Bus Socket.
[[0;32m  OK  [0m] Started Daily apt download activities.
[[0;32m  OK  [0m] Started Daily apt upgrade and clean activities.
[[0;32m  OK  [0m] Listening on ACPID Listen Socket.
[[0;32m  OK  [0m] Listening on Open-iSCSI iscsid Socket.
[[0;32m  OK  [0m] Started ACPI Events Check.
[[0;32m  OK  [0m] Reached target Paths.
[[0;32m  OK  [0m] Started Message of the Day.
[[0;32m  OK  [0m] Listening on cloud-init hotplug hook socket.
[[0;32m  OK  [0m] Started Discard unused blocks once a week.
[[0;32m  OK  [0m] Started Ubuntu Advantage Timer for running repeated jobs.
         Starting Socket activation for snappy daemon.
[[0;32m  OK  [0m] Started Daily Cleanup of Temporary Directories.
[[0;32m  OK  [0m] Reached target Timers.
[[0;32m  OK  [0m] Listening on UUID daemon activation socket.
[[0;32m  OK  [0m] Started Availability of block devices.
[[0;32m  OK  [0m] Listening on Socket activation for snappy daemon.
[[0;32m  OK  [0m] Listening on LXD - unix socket.
[[0;32m  OK  [0m] Reached target Sockets.
[[0;32m  OK  [0m] Reached target Basic System.
         Starting Pollinate to seed the pseudo random number generator...
[[0;32m  OK  [0m] Started D-Bus System Message Bus.
|   . = . + .     |
[   35.284224] cloud-init[676]: |    = .   =      |
[   35.299777] cloud-init[676]: |   . . o + =     |
[   35.314782] cloud-init[676]: |      . . =      |
[   35.329034] cloud-init[676]: +----[SHA256]-----+
[   35.341853] cloud-init[676]: Generating public/private dsa key pair.
[   35.355637] cloud-init[676]: Your identification has been saved in /etc/ssh/ssh_host_dsa_key.
         Starting System Logging Service...
         Starting Accounts Service...
         Starting Virtualbox guest utils...
         Starting Snap Daemon...
         Starting Permit User Sessions...
[[0;32m  OK  [0m] Reached target Login Prompts (Pre).
[   35.411273] cloud-init[676]: Your public key has been saved in /etc/ssh/ssh_host_dsa_key.pub.
[   35.429062] cloud-init[676]: The key fingerprint is:
[   35.455386] cloud-init[676]: SHA256:oPP1ihbv7qRXANxEkTXp9+n+ZJBqrPhbwewZd7Gutnk root@ubuntu-bionic
[   35.471243] cloud-init[676]: The key's randomart image is:
[   35.485559] cloud-init[676]: +---[DSA 1024]----+[[0;32m  OK  [0m] Started irqbalance daemon.
         Starting Login Service...
[[0;32m  OK  [0m] Started FUSE filesystem for LXC.
         Starting LSB: automatic crash report generation...
         Starting LSB: Record successful boot for GRUB...

[   35.564227] cloud-init[676]: |     . +++o.     |
[   35.613729] cloud-init[676]: |      o o ..     |
[   35.645231] cloud-init[676]: |      .. .     . |
[   35.658028] cloud-init[[0;32m  OK  [0m] Started Regular background program processing daemon.
[[0;32m  OK  [0m] Started Deferred execution scheduler.
[676]: |     . .. .o.  .o|
[   35.687794] cloud-init[676]: |    o   S. .=.+o.|
[   35.698535] cloud-init[676]: |     o.. ..o *+o |
[   35.712373] cloud-init[676]: |      .o... B. .o|
[   35.743036] cloud-init[676]: |      .+oo + .+E |
[   35.758276] cloud-init[676]: |     .o=*.+..=+..|
[   35.773104] cloud-init[676]: +----[SHA256]-----+
[   35.789764] cloud-init[676]: Generating public/private ecdsa key pair.
[   35.813067] cloud-init[676]: Your identification has been saved in /etc/ssh/ssh_host_ecdsa_key.
[   35.830830] cloud-init         Starting Dispatcher daemon for systemd-networkd...
         Starting LXD - container startup/shutdown...
[676]: Your public key has been saved in /etc/ssh/ssh_host_ecdsa_key.pub.
[[0;32m  OK  [0m] Started System Logging Service.
[   35.865607] [[0;32m  OK  [0m] Started Permit User Sessions.
cloud-init[676]: The key fingerprint is:
[   35.883396]          Starting Hold until boot process finishes up...
cloud-init         Starting Terminate Plymouth Boot Screen...
[676]: SHA256:zhvPOvdAL8todGB+VF+GWaLU3AKc9548EPn2DQ0ypzo root@ubuntu-bionic
[[0;32m  OK  [0m] Started Hold until boot process finishes up.
[[0;32m  OK  [0m] Started Terminate Plymouth Boot Screen.
         Starting Set console scheme...
[[0;32m  OK  [0m] Started Serial Getty on ttyS0.
[   35.997763] cloud-init[676]: The key's randomart image is:
[   36.073602] cloud-init[676]: +---[ECDSA 256]---+
[   36.091192] cloud-init[676]: |           .o=o=.|
[   36.146294] cloud-init[676]: |           .*+X.+|
[   36.159744] cloud-init[676]: |           ..BoB |[[0;32m  OK  [0m] Started Set console scheme.

[[0;32m  OK  [0m] Started Login Service.
[   36.237597] [[0;32m  OK  [0m] Started Unattended Upgrades Shutdown.
[[0;32m  OK  [0m] Created slice system-getty.slice.
[[0;32m  OK  [0m] Started Getty on tty1.
[[0;32m  OK  [0mcloud-init[676]: ] Reached target Login Prompts.|        o . ..ooo|

         Starting Authorization Manager...
[[0;32m  OK  [0m] Started LSB: automatic crash report generation.
[   36.488216] cloud-init[676]: |       oSo..  +o+|
[   36.533744] cloud-init[[0;32m  OK  [0m] Started LSB: Record successful boot for GRUB.
[676]: |       oo.E.   ++|
[   36.601006] cloud-init[676]: |       .+oo..   .|
[   36.627380] cloud-init[676]: |        oB.+     |
[   36.664849] cloud-init[676]: |       .++=..    |
[   36.691345] cloud-init[676]: +----[SHA256]-----+
[   36.715354] cloud-init[[0;32m  OK  [0m] Started Authorization Manager.
[676]: Generating public/private ed25519 key pair.
[[0;32m  OK  [0m] Started Accounts Service.[   36.757328] 
cloud-init[676]: Your identification has been saved in /etc/ssh/ssh_host_ed25519_key.
[   36.811423] cloud-init[676]: Your public key has been saved in /etc/ssh/ssh_host_ed25519_key.pub.
[   36.850668] cloud-init[676]: The key fingerprint is:
[   36.875416] cloud-init[676]: SHA256:0bmUj6VIgfnDBTjX/JdB2UwqgP7G8hj6r+FCgx8UBog root@ubuntu-bionic
[   36.928377] cloud-init[676]: The key's randomart image is:
[   36.945437] cloud-init[676]: +--[ED25519 256]--+
[   36.979897] cloud-init[676]: | . ... +o=.  ..=.|
[   37.007929] cloud-init[676]: |E .   B oo++  o.o|
[   37.051655] cloud-init[676]: |     . Bo.=.o .o |
[   37.077503] cloud-init[676]: |      ..=+ *..o  |
[   37.109327] cloud-init[676]: |     o  S++ ..   |
[   37.175597] cloud-init[676]: |    . + o +      |
[   37.225844] cloud-init[676]: |     o +.*       |
[   37.248555] cloud-init[676]: |      +....      |
[   37.272211] cloud-init[676]: |       o+o.      |
[   37.287594] cloud-init[676]: +----[SHA256]-----+
[[0;32m  OK  [0m] Started Virtualbox guest utils.
[[0;32m  OK  [0m] Started Dispatcher daemon for systemd-networkd.
[[0;32m  OK  [0m] Started LXD - container startup/shutdown.
[[0;32m  OK  [0m] Started Pollinate to seed the pseudo random number generator.
         Starting OpenBSD Secure Shell server...
[[0;32m  OK  [0m] Started Snap Daemon.
         Starting Wait until snapd is fully seeded...
[[0;32m  OK  [0m] Started OpenBSD Secure Shell server.
[[0;32m  OK  [0m] Created slice User Slice of vagrant.
         Starting User Manager for UID 1000...
[[0;32m  OK  [0m] Started Session 1 of user vagrant.
[[0;32m  OK  [0m] Started User Manager for UID 1000.

Ubuntu 18.04.6 LTS ubuntu-bionic ttyS0

ubuntu-bionic login: [   49.805742] cloud-init[1279]: Cloud-init v. 22.4.2-0ubuntu0~18.04.1 running 'modules:config' at Fri, 03 Mar 2023 05:30:32 +0000. Up 48.31 seconds.
ci-info: no authorized SSH keys fingerprints found for user ubuntu.
<14>Mar  3 05:30:36 cloud-init: #############################################################
<14>Mar  3 05:30:36 cloud-init: -----BEGIN SSH HOST KEY FINGERPRINTS-----
<14>Mar  3 05:30:36 cloud-init: 1024 SHA256:oPP1ihbv7qRXANxEkTXp9+n+ZJBqrPhbwewZd7Gutnk root@ubuntu-bionic (DSA)
<14>Mar  3 05:30:36 cloud-init: 256 SHA256:zhvPOvdAL8todGB+VF+GWaLU3AKc9548EPn2DQ0ypzo root@ubuntu-bionic (ECDSA)
<14>Mar  3 05:30:36 cloud-init: 256 SHA256:0bmUj6VIgfnDBTjX/JdB2UwqgP7G8hj6r+FCgx8UBog root@ubuntu-bionic (ED25519)
<14>Mar  3 05:30:36 cloud-init: 2048 SHA256:uNvNseFBh05lQiJJHLUyqxPjVo3RToSCefVSwRSL8AM root@ubuntu-bionic (RSA)
<14>Mar  3 05:30:36 cloud-init: -----END SSH HOST KEY FINGERPRINTS-----
<14>Mar  3 05:30:36 cloud-init: #############################################################
-----BEGIN SSH HOST KEY KEYS-----
ecdsa-sha2-nistp256 AAAAE2VjZHNhLXNoYTItbmlzdHAyNTYAAAAIbmlzdHAyNTYAAABBBFoATZHR/mL2Au68pnMAvGKD4uDPGA3HVHqrTobcTmrzLhVWVJFVCnTHatIZQdNkZAFyb+otA/UI46z1hyr80vA= root@ubuntu-bionic
ssh-ed25519 AAAAC3NzaC1lZDI1NTE5AAAAIKOxsN40Xs6LUc3iQbuAQ67/gWwb12RacXcyf4xOcQUk root@ubuntu-bionic
ssh-rsa AAAAB3NzaC1yc2EAAAADAQABAAABAQDfwZM60x+TrYAtLDc9jPYmFvbyzUKQxgHarh90vxxd1vRSh2+Ti2UpfB2sUuQ0rHipZ1sDZl3VCrRQII523/f70iCxgO3I2qWYqKV1/reKdIqYqL1eMXyS6km8jC62Eq5egRrA3EirF4mZz/hOMOSt2KGysTtqC+ilHNNadtjwfV5fTyUfalTi6xzCzUrid4KoTe8+K+PFXNawqGvECPz+RBDLHZmf0b/d68q+x70BVSjlxPulO88lIISjCHqihg4BnlPzmIfsXxx263Ww1b049l0M50OvMgmIKeU3iY79YiS7cvpZ9NC6FVN0J6x50wtWk8tJEfwBkF27ynFTPcT3 root@ubuntu-bionic
-----END SSH HOST KEY KEYS-----
[   51.797780] cloud-init[1424]: Cloud-init v. 22.4.2-0ubuntu0~18.04.1 running 'modules:final' at Fri, 03 Mar 2023 05:30:35 +0000. Up 51.18 seconds.
[   51.798991] cloud-init[1424]: Cloud-init v. 22.4.2-0ubuntu0~18.04.1 finished at Fri, 03 Mar 2023 05:30:36 +0000. Datasource DataSourceNoCloud [seed=/dev/sdb][dsmode=net].  Up 51.74 seconds
